<?xml version="1.0" encoding="UTF-8"?>
<robot generator="Robot 3.2.1 (Python 3.8.3 on darwin)" generated="20220914 17:54:38.477" rpa="false">
<suite id="s1" name="CSC-Robotframework-22.4" source="/Users/elite/Documents/GitHub/CSC-Robotframework-22.4">
<suite id="s1-s1" name="TestScripts" source="/Users/elite/Documents/GitHub/CSC-Robotframework-22.4/TestScripts">
<suite id="s1-s1-s1" name="FrontEnd" source="/Users/elite/Documents/GitHub/CSC-Robotframework-22.4/TestScripts/FrontEnd">
<suite id="s1-s1-s1-s1" name="Overview" source="/Users/elite/Documents/GitHub/CSC-Robotframework-22.4/TestScripts/FrontEnd/Overview">
<suite id="s1-s1-s1-s1-s1" name="QOE" source="/Users/elite/Documents/GitHub/CSC-Robotframework-22.4/TestScripts/FrontEnd/Overview/QOE.robot">
<kw name="Run Keywords" library="BuiltIn" type="setup">
<doc>Executes all the given keywords in a sequence.</doc>
<arguments>
<arg>Initialize configuration parameters</arg>
<arg>AND</arg>
<arg>Navigate to QOE Subscibers</arg>
</arguments>
<kw name="Initialize configuration parameters" library="CommonWrapper">
<kw name="Set Root Directory" library="ConfigParserKeywords">
<kw name="Fetch From Left" library="String">
<doc>Returns contents of the ``string`` before the first occurrence of ``marker``.</doc>
<arguments>
<arg>/Users/elite/Documents/GitHub/CSC-Robotframework-22.4/Optimized_PO</arg>
<arg>CSC-Robotframework-22.4</arg>
</arguments>
<assign>
<var>${rootDirectory}</var>
</assign>
<msg timestamp="20220914 17:54:39.943" level="INFO">${rootDirectory} = /Users/elite/Documents/GitHub/</msg>
<status status="PASS" starttime="20220914 17:54:39.943" endtime="20220914 17:54:39.943"></status>
</kw>
<kw name="Set Variable" library="BuiltIn">
<doc>Returns the given values which can then be assigned to a variables.</doc>
<arguments>
<arg>${rootDirectory}CSC-Robotframework-22.4</arg>
</arguments>
<assign>
<var>${rootDirectory}</var>
</assign>
<msg timestamp="20220914 17:54:39.944" level="INFO">${rootDirectory} = /Users/elite/Documents/GitHub/CSC-Robotframework-22.4</msg>
<status status="PASS" starttime="20220914 17:54:39.944" endtime="20220914 17:54:39.944"></status>
</kw>
<kw name="Set Suite Variable" library="BuiltIn">
<doc>Makes a variable available everywhere within the scope of the current suite.</doc>
<arguments>
<arg>${rootDirectory}</arg>
<arg>${rootDirectory}</arg>
</arguments>
<msg timestamp="20220914 17:54:39.946" level="INFO">${rootDirectory} = /Users/elite/Documents/GitHub/CSC-Robotframework-22.4</msg>
<status status="PASS" starttime="20220914 17:54:39.945" endtime="20220914 17:54:39.946"></status>
</kw>
<status status="PASS" starttime="20220914 17:54:39.942" endtime="20220914 17:54:39.947"></status>
</kw>
<kw name="Parsing locators information" library="ConfigParserKeywords">
<kw name="Set Log Level" library="BuiltIn">
<doc>Sets the log threshold to the specified level and returns the old level.</doc>
<arguments>
<arg>NONE</arg>
</arguments>
<status status="PASS" starttime="20220914 17:54:39.947" endtime="20220914 17:54:39.948"></status>
</kw>
<kw name="Parse Yaml" library="config_parser">
<doc>This function will parse the yaml file and return the object
:param filename: the yaml file to be parsed</doc>
<arguments>
<arg>${rootDirectory}${/}locators_info.yml</arg>
</arguments>
<assign>
<var>${locators_params}</var>
</assign>
<status status="PASS" starttime="20220914 17:54:39.948" endtime="20220914 17:54:40.327"></status>
</kw>
<kw name="Set Log Level" library="BuiltIn">
<doc>Sets the log threshold to the specified level and returns the old level.</doc>
<arguments>
<arg>INFO</arg>
</arguments>
<msg timestamp="20220914 17:54:40.328" level="INFO">Log level changed from NONE to INFO.</msg>
<status status="PASS" starttime="20220914 17:54:40.328" endtime="20220914 17:54:40.328"></status>
</kw>
<kw name="Set Suite Variable" library="BuiltIn">
<doc>Makes a variable available everywhere within the scope of the current suite.</doc>
<arguments>
<arg>${locators_params}</arg>
</arguments>
<msg timestamp="20220914 17:54:40.331" level="INFO">${locators_params} = {'common': {'warningmsg': "xpath=//*[contains(@class,'warning-msg')]//span[2]", 'SelectDropDownvalue': "//*[@class='ng-dropdown-panel-items scroll-host']//*[contains(text(),'{value}')]", 'Successmsg':...</msg>
<status status="PASS" starttime="20220914 17:54:40.329" endtime="20220914 17:54:40.331"></status>
</kw>
<kw name="Log" library="BuiltIn">
<doc>Logs the given message with the given level.</doc>
<arguments>
<arg>${locators_params}</arg>
</arguments>
<msg timestamp="20220914 17:54:40.333" level="INFO">{'common': {'warningmsg': "xpath=//*[contains(@class,'warning-msg')]//span[2]", 'SelectDropDownvalue': "//*[@class='ng-dropdown-panel-items scroll-host']//*[contains(text(),'{value}')]", 'Successmsg': "xpath=//*[contains(@class,'alert-success')]/div", 'Successclose': 'id=hide-success-btn', 'Successclose1': 'id=hide-successs-btn', 'dangeralert': "xpath=//*[contains(@class,'alert-danger')]/div", 'dangeralert1': "xpath=//*[contains(@class,'warning-msg')]/div[1]", 'danger_ok': 'id=warning-Btn', 'NetopsLoader': "//div[@class='spinner-border text-primary']"}, 'Netops': {'Tab': 'id=NetOps'}, 'Home': {'Tab': 'id=Home'}, 'ManageSubscribers': {'Tab': 'id=subscriberManageMenuId', 'AddSubscriber_tab': 'id=addSubscriberId', 'Account': "//*[@formcontrolname='account']", 'Location': "//*[@formcontrolname='subscriberLocationId']", 'Name': "//*[@formcontrolname='name']", 'serviceAddress': "//*[@formcontrolname='serviceAddress']", 'phone': "//*[@formcontrolname='phone']", 'email': "//*[@formcontrolname='email']", 'hubbid': 'id=hubbId', 'subid': 'id=hubbSubscriberId', 'Submit': 'cancelAddEditSub', 'Successalert': "//*[starts-with(@class,'alert alert-success')]", 'Successclose': "//*[starts-with(@class,'alert alert-success')]//*[@class='close']", 'Subscribersearch': 'id=search', 'Subscriberediticon': "(//*[@id='managementTableId']/tbody//tr//td[1])[1]//*[@src='./assets/img/net-edit.svg']", 'Subsdeletebtn': "//*[contains(text(),'Delete')]", 'Deletealert': "//*[@class='modal-content addSubscriber padl-m']/div[2]/div/div[2]/button[1]", 'Subsdeleteconfirm': "//*[@class='modal-content addSubscriber padl-m']/div[2]/div/div[2]/button[1]", 'Search': 'id=search', 'table': 'id=managementTableId', 'SpecificSSID_Edit': "(//*[@data-deviceid='{ssid}'])[1]/parent::span", 'CloceIcon': "//div[@class='modal-header border-none']//div/button", 'SubscriberName': "//*[@class='subscriber-name d-inline-flex']", 'AddSystem': {'Addsystem': "//*[contains(text(),'+ Add System')]/preceding-sibling::div", 'RegID': 'id=fsan', 'Replace_UiTxt': "//*[contains(text(),'Replace')]", 'Model': "xpath=//*[@name='deviceModel']", 'Next': "xpath=//button[contains(@class,'btn-arr-nxt')]", 'Previuos': "//*[contains(text(),'Previous')]", 'Finish': "xpath=//button[contains(text(),'Finish')]", 'StaticGroups_No': "xpath=//*[contains(text(),'Add to Static Groups? ')]/following-sibling::div//input[@value='No']", 'Systemtab': "(//*[contains(text(),'System')])[2]", 'Servicetab': "(//*[contains(text(),'Services')])", 'Regid': 'id=fsan', 'Devicemodel': 'name=deviceModel', 'ModeRg': "(//*[@class='radio-inline col-3'])[1]", 'Modemesh': "//*[contains(text(),'Mesh(SAT) ')]", 'Modeont': "//*[contains(text(),'Managed ONT ')]", 'Serviceconfigyesradio': "(//*[@name='optradio'])[1]", 'Fiveghzssidprimary': 'id=X_CALIX_SXACC_PRIMARY_5GHZ_SSID', 'Twofourghzssidprimary': 'id=X_CALIX_SXACC_PRIMARY_2DOT4GHZ_SSID', 'Serviceenableradio': "(//*[@name='Enable'])[1]", 'Servicedisableradio': "(//*[@name='Enable'])[2]", 'Serviceunchangeradio': "(//*[@name='Enable'])[3]", 'Broadenableradio': "(//*[@name='SSIDAdvertisementEnabled'])[1]", 'Broaddisableradio': "(//*[@name='SSIDAdvertisementEnabled'])[2]", 'Broadunchangeradio': "(//*[@name='SSIDAdvertisementEnabled'])[3]", 'Servicename': 'id=name', 'Service_UiTxt': "//section//div//*[contains(text(),'Service')]", 'ServiceName_UiTxt': "//section//div//*[contains(text(),'Name')]", 'ServiceBroadcasting_UiTxt': "//*[contains(text(),'Broadcasting')]", 'ServiceSecurity_UiTxt': "//*[contains(text(),'Security')]", 'ServiceEncryption_UiTxt': "//*[contains(text(),'Encryption')]", 'ServicePassphrase_UiTxt': "//*[contains(text(),'Passphrase')]", 'ServiceWiFIssid_UiTxt': "//*[contains(text(),' Wi-Fi SSID ')]", 'ServiceWiFiRadio_UiTxt': "//*[contains(text(),' WiFi Radio ')]", 'Service5GHzRadio_UiTxt': "//*[contains(text(),'5 GHz Radio')]", 'Service6GHzRadio_UiTxt': "//*[contains(text(),'6 GHz Radio')]", 'DFS_EnabledRadio_Btn': "(//*[@name='enableDfsChannels'])[1]", 'DFS_DisabledRadio_Btn': "(//*[@name='enableDfsChannels'])[2]", 'DFS_UnchangedRadio_Btn': "(//*[@name='enableDfsChannels'])[3]", 'MUMIMO_EnabledRadio_Btn': "(//*[@name='mumimoEnabled'])[1]", 'MUMIMO_DisabledRadio_Btn': "(//*[@name='mumimoEnabled'])[2]", 'MUMIMO_UnchangedRadio_Btn': "(//*[@name='mumimoEnabled'])[3]", 'Servicesecurity': 'id=Security', 'Serviceencryption': 'id=encryption', 'Serviceshowpassphrase': "//*[@src='assets/img/ic_hide.svg']", 'Servicepassphrase': 'id=passphrasewifissid', 'Dfsenableradio': "(//*[@name='enableDfsChannels'])[1]", 'Dfsdisableradio': "(//*[@name='enableDfsChannels'])[2]", 'Dfsunsubscribedradio': "(//*[@name='enableDfsChannels'])[3]", 'Muenableradio': "(//*[@name='mumimoEnabled'])[1]", 'Mudisableradio': "(//*[@name='mumimoEnabled'])[2]", 'Muunsubscribedradio': "(//*[@name='mumimoEnabled'])[3]", 'Deletesystemicon': "(//*[@id='managementTableId']/tbody//tr//td)[4]//*[@src='./assets/img/net-delete.svg']", 'Editsystemicon': "//*[@class='editDeviceClass']", 'Deletedisassociateradio': 'id=exampleRadios2', 'Deleteconfirm': 'id=removeDeviceConfirm', 'Deletedeviceconfirm': 'id=deleteDeviceAndServicesAssociateWithSbscrbrMsgCnfrmBtn', 'Serviceconfignoradio': "(//*[@name='optradio'])[2]", 'Dataserviceradio': "//*[@for='dataService']", 'DataServiceppoeusername': 'id=pppoe_username_input', 'DataServiceppoepassword': 'id=pppoe_password_input', 'DataServicevlan': 'id=dataVlanInput', 'DataServiceproritydd': 'name=priorityBits', 'DataServiceprorityddvalue': "//*[text()='1 ']", 'DataServicebandwidthdd': 'name=bandwidthProfile', 'Videoserviceradio': "//*[@for='videoService']", 'Videoservicevlan': 'id=videoVlanInput', 'Videoserviceprioritydd': 'name=videoPriorityBits', 'Videoservicepriorityddvalue': "(//*[text()='1 '])[2]", 'Videoservicebandwidthdd': 'name=videoBandwidth', 'Voiceservicetypedd': 'name=voiceServiceType', 'Voiceservicetfaxradio': "//*[@for='faxRelay']", 'Voiceservicedialplandd': 'name=voiceDialplan', 'Voiceservicedialplanddvalue': "(//*[text()='system-default'])[2]", 'Voiceserviceaddressdd': 'name=voiceaddressingType', 'Voiceserviceaddressddvalue': "//*[text()='Static']", 'Voiceserviceipaddress': 'id=ipAddress', 'Voiceservicesubnetmask': 'id=subnetMask', 'Voiceservicedefaultgateway': 'id=defaultGateway', 'Voiceservicednsserver': 'id=dnsServers', 'Voiceserserviceradio': "//*[@for='voiceService']", 'Voiceserviceusername': 'id=AuthUserName', 'Voiceservicepassword': 'id=AuthPassword', 'Voiceserviceuri': 'id=URI', 'Voiceservicecallwaitingradio': "//*[@for='callWaiting']", 'Voiceservicecalleridradio': "//*[@for='callerID']", 'Voiceservicethreewayradio': "//*[@for='threeWayCalling']", 'Voiceservicemessagewaiting': "//*[@for='msgIndicator']", 'Voiceservicedirectconnect': "//*[@for='directCon']", 'Voiceserviceshowadvancesetting': 'id=btn-advancedSettings', 'Voiceserviceterminationid': 'id=termination_ID', 'Voiceservicegrothree': "//*[@for='isGR303']", 'Voiceservicecrv': 'id=CRV_ID', 'Voiceserviceshowadvancesettingsysloss': 'id=systemLossPlan', 'Voiceserviceshowadvancesettingsyslosstxlos': 'id=TransmitGain', 'Voiceserviceshowadvancesettingsyslosstxloslabel': "//*[contains(text(),'System Tx Loss')]", 'Voiceserviceshowadvancesettingsyslossrxlos': 'id=ReceiveGain', 'Voiceserviceshowadvancesettingsyslossrxloslabel': "//*[contains(text(),'System Rx Loss')]", 'Serviceconfigmeshtoast': "//*[contains(text(),'Service configuration is not available in Mesh(SAT) mode. All services configured on the RG will be applied to the Mesh(SAT)')]", 'Ontdatatitle': "//*[contains(text(),'Data')]", 'Ontvideotitle': "//*[contains(text(),'Video')]", 'Ontvoicetitle': "//*[contains(text(),'Voice')]", 'Ontdataaddsertogg': 'id=addManagedOntDataService', 'Ontvideoaddsertogg': 'id=addManagedOntVideoService', 'Ontvoiceddsertogg': 'id=addManagedOntVoiceService', 'Ontdataprofiledd': "(//*[@class='ng-select-container ng-has-value'])[1]", 'Ontdataenableradio': "//*[@for='serviceEnable_0']", 'Ontdatabandwidthdd': "(//*[@class='ng-input'])[2]", 'Ontdatappoeusername': 'id=username_0', 'Ontdatappoepassword': 'id=password_0', 'Ontdatavlan': "(//*[@class='ng-untouched ng-pristine ng-valid'])[3]", 'Ontdataserdeletebtn': "(//*[@class='fa fa-trash-o pull-right'])[1]", 'Ontvideoprofiledd': "(//*[@class='ng-input'])[3]", 'Ontvideoenableradio': "//*[@for='videoServiceEnable_0']", 'Ontvideobandwidthdd': "(//*[@class='ng-input'])[4]", 'Ontvideovlan': 'id=video_VLAN_0', 'Ontvideoserdeletebtn': "(//*[@id='DeleteService_0'])[2]", 'Ontvoiceserprofile': "(//*[@class='ng-input'])[5]", 'Ontvoicesertfaxrelay': "//*[@for='faxRelay']", 'Ontvoicedialplan': "(//*[@class='ng-input'])[6]", 'Ontvoiceaddresstype': "(//*[@class='ng-input'])[7]", 'Ontvoiceaddresstypvalue': "//*[text()='Static']", 'Ontvoiceiphostname': "//*[@placeholder='Enter IP Host Name']", 'Ontvoicevoiceservicetogg': "//*[@for='voiceService']", 'Ontvoiceseripaddress': 'id=ipAddress', 'Ontvoicesersubnetmask': 'id=subnetMask', 'Ontvoiceserdefaultgateway': 'id=defaultGateway', 'Ontvoiceserdnsserver': 'id=dnsServers', 'Ontaddsettpowsaving': "//*[@for='powerSaving']", 'Ontaddsettlanpo1state': 'id=lanOneAdminState', 'Ontaddsettlanpo1speed': 'id=lanOneSpeed', 'Ontaddsettlanpo1dhcplease': 'id=DhcpLeaseLimit1', 'Ontaddsettlanpo1powsav': "//*[@for='lanOnePort']", 'Ontaddsettlanpo1duplex': 'id=lanOneDuplex', 'Ontaddsettlanpo2state': 'id=lanTwoAdminState', 'Ontaddsettlanpo2speed': 'id=lanTwoSpeed', 'Ontaddsettlanpo2dhcplease': 'id=lanTwoDHCP', 'Ontaddsettlanpo2powsav': "//*[@for='lanTwoPort']", 'Ontaddsettlanpo2duplex': 'id=lanTwoDiplex', 'Ontaddsettlanpo3state': 'id=lanThreeAdminState', 'Ontaddsettlanpo3speed': 'id=lanThreeSpeed', 'Ontaddsettlanpo3dhcplease': 'id=lanThreeDHCP', 'Ontaddsettlanpo3powsav': "//*[@for='lanThreePort']", 'Ontaddsettlanpo3duplex': 'id=lanThreeDuplex', 'Ontaddsettlanpo4state': 'id=lanFourAdminState', 'Ontaddsettlanpo4speed': 'id=lanFourSpeed', 'Ontaddsettlanpo4dhcplease': 'id=lanFourDHCP', 'Ontaddsettlanpo4powsav': "//*[@for='lanFourPort']", 'Ontaddsettlanpo4duplex': 'id=lanFourDuplex', 'Replace_System_UiTxt': "//*[contains(text(),' Replace System ')]", 'Replace_SubscriberMsg_UiTxt': "//*[contains(text(),'Registration ID is supported only for GigaCenters, GigaHubs &amp; EXOS')]", 'Replace_Button': "(//*[contains(text(),' Replace ')])[2]", 'Cancel_Button': "//*[contains(text(),' Cancel ')]", 'Replace_RegistrationID': "//*[@id='registered-id']", 'closs_icon': "//*[@class='w-s-nowrap addDeviceClass']", 'Replace_RegistrationID_UiTxt': "//*[contains(text(),' CXNK0088AD95 -  ')]", 'UnifiedSSID_toggle': "xpath=//*[@for='unifiedSSID']", '24GHz_header': "xpath=//*[contains(text(),'2.4GHz Primary SSID')]", '5GHz_header': "xpath=//*[contains(text(),'5GHz Primary SSID')]", '6GHz_header': "xpath=//*[contains(text(),'6GHz Primary SSID')]", 'Unified_header': "xpath=//*[contains(text(),'Primary SSID')]", 'Static': {'radio': "//*[contains(text(),'Add to Static Groups? ')]/following-sibling::div//input[@value='Yes']", 'radioyes': "//*[contains(text(),'Add to Static Groups? ')]/following-sibling::div//input[@value='Yes']", 'radiono': "//*[contains(text(),'Add to Static Groups? ')]/following-sibling::div//input[@value='No']", 'staticGroups': 'id=staticGroups', 'staticGroupstest': "//*[text()='test']"}}}, 'Search': {'Box': 'id=supportSearchId', 'Button': 'id=performSearchId', 'Subscriber_Name': "xpath=//*[@class='sub-name']"}, 'Reports': {'Tab': 'id=reportsMenuId', 'InventoryReports': {'Tab': 'id=inventoryReportTabId', 'ReportType': 'id=deviceReport', 'SystemGroup': 'id=deviceGroup', 'SelectReportType': "//*[@class='ng-dropdown-panel-items scroll-host']//*[contains(text(),'{report_type}')]", 'SelectSystemGroup': "//*[@class='ng-dropdown-panel-items scroll-host']//*[contains(text(),'Grouped Systems')]", 'SelectSoftwareVersion': "//*[@class='ng-dropdown-panel-items scroll-host']//*[contains(text(),'Software Versions')]", 'TimePeriod': 'id=timePeriod', 'SelectTimePeriod': "//*[text()='{time_period}']", 'checkbox': '//*[@class="checkbox switcher"]', 'checkbox_visible': '//*[@class="checkbox switcher"]//span', 'loadReport': 'id=netops_report_load_bttn', 'Starttime': "xpath=(//*[@id='start_date']/span/button)[1]", 'Endtime': "xpath=(//*[@id='start_date']/span/button)[2]", 'Manufacturer': 'id=Mfg', 'Model_name': 'id=modName', 'Mode': 'id=mod', 'serial_number': 'id=serialNumber', 'subscriber': 'id=subscriber', 'Run_btn': 'id=netops_report_filter_bttn', 'table': 'id=inventory-rep', 'chartlocator': "//*[@id='container']/div", 'y_axis': "//*[contains(@class,'highcharts-yaxis-labels')]//*[name()='text']", 'chartdetails': 'id=chartDetails'}, 'Unassociated_Systems': {'Tab': 'id=unassociatedDevicesMenuId', 'TableHeader': '//thead/tr/th', 'MAC_AddressHeader': "//*[text()='MAC Address']", 'Serial_number': "//*[text()='Serial Number']", 'IP_Address': "//*[text()='IP Address']", 'Model': "//*[text()='Model']", 'SoftwareVersion': "//*[text()='Software Version']", 'DiscoveryTime': "//*[text()='Discovery Time']", 'LastInformTime': "//*[text()='Last Inform Time']", 'Table': "xpath=//*[@id='netops_unassdev_table_div']//table", 'Filter': "xpath=//*[@id='netops_unassdev_search']/div/input", 'serialnumber': "xpath=//span[text()='{SN}']", 'RouterSNNumber': "xpath=//*[@class='big-text']", 'SerialNumberSort': "xpath=(//th[contains(@class,'sorting')])[1]", 'IpAddressSort': "xpath=(//th[contains(@class,'sorting')])[2]", 'MacAddressSort': "xpath=(//th[contains(@class,'sorting')])[3]", 'ModelSort': "xpath=(//th[contains(@class,'sorting')])[4]", 'SoftVersionSort': "xpath=(//th[contains(@class,'sorting')])[5]", 'PrevSubscriberSort': "xpath=(//th[contains(@class,'sorting')])[6]", 'DiscoveryTimeSort': "xpath=(//th[contains(@class,'sorting')])[7]", 'LastInformTimeSort': "xpath=(//th[contains(@class,'sorting')])[8]"}, 'CallOutcomeReport': {'Tab': 'id=callOutcomeReportTabId', 'time_period': 'id=timePeriod', 'DownloadReport': 'id=netops_callOutcomeReport_download'}, 'AuditReport': {'Tab': "//*[contains(text(),'Audit Report')]", 'Timeperiod_Dropdown': "//*[@class='ng-arrow-wrapper']", 'download_button': "//*[contains(text(),'Download Report')]", '30days_button': 'Last 30 days', '60days_button': 'Last 60 days', '90days_button': 'Last 90 days'}}, 'Operations': {'Tab': 'id=operationsMenuId', 'System_Groups': {'Tab': 'id=deviceGroupTabId', 'AddBtn': 'id=add-device-group-btn', 'SelectWildcard': 'WildCard', 'table': 'id=devicegrp-table', 'Dynamic': 'id=devTypeDynamic', 'name': 'id=deviceName', 'Description': 'id=deviceDescription', 'AddRuleBtn': 'id=adderule', 'InputKey1': 'id=inputValue-0', 'RuleKey1': 'id=inputKey-0', 'RuleOperatior1': 'id=inputOperator-0', 'RuleValue1': 'id=inputValue-0', 'RuleDelete1': "(//*[@id='deleterule'])[1]", 'RuleKey2': 'id=inputKey-1', 'RuleOperatior2': 'id=inputOperator-1', 'RuleValue2': 'id=inputValue-1', 'RuleDelete2': "(//*[@id='deleterule'])[2]", 'RuleKey3': 'id=inputKey-2', 'RuleOperatior3': 'id=inputOperator-2', 'RuleValue3': 'id=inputValue-2', 'RuleDelete3': "(//*[@id='deleterule'])[3]", 'RuleKey4': 'id=inputKey-3', 'RuleOperatior4': 'id=inputOperator-3', 'RuleValue4': 'id=inputValue-3', 'RuleDelete4': "(//*[@id='deleterule'])[4]", 'RuleKey5': 'id=inputKey-4', 'RuleOperatior5': 'id=inputOperator-4', 'RuleValue5': 'id=inputValue-4', 'RuleDelete5': "(//*[@id='deleterule'])[5]", 'RuleKey6': 'id=inputKey-5', 'RuleOperatior6': 'id=inputOperator-5', 'RuleValue6': 'id=inputValue-5', 'RuleDelete6': "(//*[@id='deleterule'])[6]", 'RuleKey7': 'id=inputKey-6', 'RuleOperatior7': 'id=inputOperator-6', 'RuleValue7': 'id=inputValue-6', 'RuleDelete7': "(//*[@id='deleterule'])[7]", 'RuleKey8': 'id=inputKey-7', 'RuleOperatior8': 'id=inputOperator-7', 'RuleValue8': 'id=inputValue-7', 'RuleDelete8': "(//*[@id='deleterule'])[8]", 'existingGroupAlertMsg': 'Access denied due to RBAC. Please consult your Organization Administrator for access.', 'toastCloseBtn': "//*[@class='close']//span", 'Submit': 'id=submit-device-group-btn', 'Cancel': 'id=cancelbtn', 'Delete_cionfirm': "//*[@id='deletePFBtn']", 'Delete': "//*[@id='devicegrp-table']/tbody//*[contains(text(),'{name}')]/following-sibling::td/*[@class='del ml-6']/a", 'Dynamic_Radio': 'id=devTypeDynamic', 'Static_Radio': 'id=devTypeStatic', 'DynamicDiscoverdSystemsTable': 'id=devicegrp-info-tbl', 'DiscoveredSystemsTitle': "//*[@class='net-ops-secondary-title']", 'RefreshBtn': "//*[contains(@class,'refresh')]", 'thSystemInfo': "//th[normalize-space()='System info']", 'thManufacturer': "//th[normalize-space()='Manufacturer']", 'thMode': "//th[normalize-space()='Mode']", 'thModel': "//th[normalize-space()='Model']", 'thSoftwareVersion': "//th[normalize-space()='Software Version']", 'thRegID': "//th[normalize-space()='Registration ID']", 'thIpAddress': "//th[normalize-space()='IP Address']", 'thMacAddress': "//th[normalize-space()='MAC Address']", 'StaticDiscoverdSystemsTable': 'id=devicegrp-info-tbl-static', 'UndiscoveredSystemsTable': 'id=devicegrp-info-tbl-static-undisc', 'AllowInheritance_Yes': 'id=devInhyes', 'AllowInheritance_No': 'id=devInhno'}, 'Profiles': {'Tab': 'id=profileTabId', 'AddProfile': 'id=addProfile', 'Table': '//table', 'name': 'id=prof_strt_nme', 'description': 'id=prof_strt_desc', 'Next': 'id=nextbtn', 'Previous': 'id=previousbtn', 'NewCategory': 'id=addNewCategory', 'Category': 'id=inputCategory', 'Done': 'id=btn-doneCategory', 'Discard': 'id=btn-discardCategory', 'Finish': 'id=finishbtn', 'DeleteProfile': "xpath=//*[@id='netops-profile-list-table']//*[contains(text(),'{Profilename}')]/following-sibling::td//*[@class='fa fa-trash-o']", 'Confirm': 'id=deletePFBtn', 'Categorytable': '//table/tbody/tr', 'errormsg': "xpath=//*[contains(@class,'errorMessage')]/p", 'close': "xpath=//*[@class='close']", 'info': "xpath=//*[contains(@class,'infoIcon')]", 'CategoryTable': "xpath=//*[@class='odd']/td", 'ReviewName': "xpath=//*[@id='profileReviewWizard']/div/div/div[1]/div[2]", 'Categorydd': "xpath=//*[@id='accordin-header']/div/div[1]", 'SmartTown_Wi_Fi_Traffic_title': "xpath=//*[contains(text(),'SmartTown Wi-Fi Traffic')]", 'DHCP_Server_title': "xpath=//*[contains(text(),'DHCP Server')]", 'DHCPv6_Server_title': "xpath=//*[contains(text(),'DHCPv6 Server')]", 'DNS_Host_Mapping_title': "xpath=//*[contains(text(),'DNS Host Mapping')]", 'Management_Server_title': "xpath=//*[contains(text(),'Management Server')]", 'SNMP_title': "xpath=//*[contains(text(),'SNMP')]", 'SPID_title': "xpath=//*[contains(text(),'SPID')]", 'Support_User_Credentials_title': "xpath=//*[contains(text(),'Support User Credentials')]", 'Syslog_title': "xpath=//*[contains(text(),'Syslog')]", 'LED_Management_title': "xpath=//*[contains(text(),'LED Management')]", 'Time_Zone_title': "xpath=//*[contains(text(),'Time Zone')]", 'Time_Zone_POSIX_title': "xpath=//*[contains(text(),'Time Zone - POSIX')]", 'Firewall_title': "xpath=//*[contains(text(),'Firewall')]", 'Bandwidth_title': "xpath=//*[contains(text(),'Bandwidth')]", 'DHCP_Option82_title': "xpath=//*[contains(text(),'DHCP Option82')]", 'DSCP_title': "xpath=//*[contains(text(),'DSCP')]", 'PPPoE_title': "xpath=//*[contains(text(),'PPPoE')]", 'QoS_Rule_title': "xpath=//*[contains(text(),'QoS Rule')]", 'QoS_State_title': "xpath=//*[contains(text(),'QoS State')]", 'Video_Multicast_Range_Filters_title': "xpath=//*[contains(text(),'Video - Multicast Range Filters')]", 'Video_Multicast_VLAN_Registration_title': "xpath=//*[contains(text(),'Video - Multicast VLAN Registration (MVR)')]", 'Data_Service_title': "xpath=//*[contains(text(),'Data Service')]", 'Video_Service_title': "xpath=//*[contains(text(),'Video Service')]", 'Voice_Service_title': "xpath=//*[contains(text(),'Voice Service')]", 'Add_Object_title': "xpath=//*[contains(text(),'Add Object')]", 'Delete_Object_title': "xpath=//*[contains(text(),'Delete Object')]", 'Set_Parameter_Value_title': "xpath=//*[contains(text(),'Set Parameter Value')]", '24GHz_Wi_Fi_Radio_title': "xpath=//*[contains(text(),'2.4GHz Wi-Fi Radio')]", '5GHz_Wi_Fi_Radio_title': "xpath=//*[contains(text(),'5GHz Wi-Fi Radio')]", '6GHz_Wi_Fi_Radio_title': "xpath=//*[contains(text(),'6GHz Wi-Fi Radio')]", 'Wi_Fi_Country_title': "xpath=//*[contains(text(),'Wi-Fi Country')]", 'Wi_Fi_SSID_title': "xpath=//*[contains(text(),'Wi-Fi SSID')]", 'Wi_Fi_SSID_For_EXOS_title': "xpath=//*[contains(text(),'Wi-Fi SSID For EXOS')]", 'WiFi_UnifiedPrimary_title': "xpath=//*[contains(text(),'Wi-Fi Unified Primary SSID For EXOS')]", 'Review': {'DHCPServer': "xpath=(//td[contains(text(),'DHCP Server')]/following-sibling::td)[1]", 'DeviceIPAddress': "xpath=//td[contains(text(),'Device IP Address')]/following-sibling::td", 'BeginningIPAddress': "xpath=//td[contains(text(),'Beginning IP Address')]/following-sibling::td", 'EndingIPAddress': "xpath=//td[contains(text(),'Ending IP Address')]/following-sibling::td", 'SubnetMask': "xpath=//td[contains(text(),'Subnet Mask')]/following-sibling::td", 'DNSServers': "xpath=//td[contains(text(),'DNS Servers')]/following-sibling::td", 'hostName': "xpath=//td[contains(text(),'Host Name')]/following-sibling::td", 'DomainName': "xpath=//td[contains(text(),'Domain Name')]/following-sibling::td", 'DHCPServerLeaseTime': "xpath=//td[contains(text(),'DHCP Server Lease Time (in seconds)')]/following-sibling::td"}, '6GHZ_WifiRadio': {'WifiRadio': '(//*[@id="DHCPServerEnable"])[1]', 'MU_MIMO': '(//*[@id="DHCPServerEnable"])[2]', 'WifiRadio_Enabled': 'id=RadioEnabledEnabled_radioBtn', 'WifiRadio_disabled': 'id=RadioEnabledDisabled_radioBtn', 'WfifRadio_Unchanged': 'id=RadioEnabled_unChangeRadioBtn', 'Mode': 'id=Standard', 'Bandwidth': 'id=X_000631_OperatingChannelBandwidth', 'Power_Level': 'id=TransmitPower', 'MU_MIMO_Enabled': 'id=MUMIMOEnabledEnabled_radioBtn', 'MU_MIMO_Disabled': 'id=MUMIMOEnabledDisabled_radioBtn', 'MU_MIMO_Unchanged': 'id=MUMIMOEnabled_unChangeRadioBtn'}, 'DHCP_Server': {'radio_locator': 'id=DHCPServerEnable', 'device_ip_address': 'id=DeviceIpAddress', 'begining_ip_address': 'id=MinAddress', 'ending_ip_address': 'id=MaxAddress', 'subnet_mask': 'id=SubnetMask', 'dns_server': 'id=DNSServers', 'hostname': 'id=X_000631_HostName', 'domain': 'id=DomainName', 'DHCPLeaseTime': 'id=DHCPLeaseTime', 'radio_groupname': 'id=DHCPServerEnable', 'DHCP_Enable': "xpath=//*[@id='DHCPServerEnable']/label[1]"}, 'DHCPv6_Server': {'productFamily': 'id=productFamily', 'DHCP_radio_locator': "xpath=(//*[@id='DHCPServerEnable'])[1]", 'Addressing_radio_locator': "xpath=(//*[@id='DHCPServerEnable'])[2]", 'MinInterfaceID': 'id=MinInterfaceID', 'MaxInterfaceID': 'id=MaxInterfaceID', 'LeaseTime': 'id=DHCPv6LeaseTime', 'dns_radio_locator': "xpath=(//*[@id='DHCPServerEnable'])[3]", 'radio_groupname': 'DNS Mode', 'DHCPServerDisable_radio': 'id=DHCPv6ServerEnableDisabled_radioBtn', 'Stateless_radio': 'id=StatefulDHCPv6ServerStateless_radioBtn', 'Dns_custom_radio': 'id=DNSModeDisplayCustom_radioBtn', 'Dns_default_radio': 'id=DNSModeDisplayDefault_radioBtn', 'Dns_server_address': 'id=IPv6DNSServers', 'EXOS_Powered_GigaFamily': {'RA_Service': 'id=X_000631_RA', 'DHCPv6_Service': 'id=X_000631_DHCPv6', 'DHCPv6_Mode': 'id=X_000631_RAManagement', 'Dns_custom_radio': 'id=IPv6DNSModeDisplayCustom_radioBtn', 'Dns_default_radio': 'id=IPv6DNSModeDisplayDefault_radioBtn'}}, 'DNS_Host_Mapping': {'hostname': 'id=HostName', 'ip_address': 'id=IPAddress'}, 'Management_Server': {'ConfigureMain_radio_locator': "xpath=(//*[@id='DHCPServerEnable'])[2]", 'DHCPServerEnableDisbaledmode': "xpath=//*[@id='DHCPServerEnable' and contains(@class,'disable-radio-btn')]", 'ConfigureMainYes_radio': 'id=ConfigureMainYes_radioBtn', 'SupplementClient_radio_locator': "xpath=(//*[@id='DHCPServerEnable'])[3]", 'ACS_URL': 'id=URL', 'ACS_username': 'id=Username', 'ACS_Password': 'id=Password', 'TR069Client_Enable_radio': 'id=SupplementClientEnabled_radioBtn', 'TR069_Client_Periodic': {'InformRadio_diabledmode': "(//*[@id='DHCPServerEnable' and contains(@class,'disable-radio-btn')])[2]", 'Radio_Enabled': 'id=SupplementPeriodicInformEnableEnabled_radioBtn', 'Radio_Disabled': 'id=SupplementPeriodicInformEnableDisabled_radioBtn', 'InformInterval': 'id=SupplementPeriodicInformInterval', 'SupplementURL': 'id=SupplementURL', 'SupplementUsername': 'id=SupplementUsername', 'SupplementPassword': 'id=SupplementPassword'}}, 'SNMP': {'EnableSnmp_radio_locator': "xpath=(//*[@id='DHCPServerEnable'])[1]", 'EnableSnmp_radio': 'id=EnableSnmpEnabled_radioBtn', 'VLAN_ID': 'id=X_000631_VlanMuxID', 'Dedicated_VLAN_Yes_radio': 'id=Dedicated_SNMP_VLANYes_radioBtn', 'Dedicated_VLAN_No_radio': 'id=Dedicated_SNMP_VLANNo_radioBtn', 'Pbits_DD': 'id=X_000631_VlanMux8021p', 'ReadCommunity': 'id=ROCommunity', 'WriteCommunity': 'id=RWCommunity', 'SysName': 'id=SysName', 'SysLocation': 'id=SysLocation', 'SysContact': 'id=SysContact', 'TrapSink1': 'id=TrapSink1', 'TrapSink2': 'id=TrapSink2', 'TrapSink3': 'id=TrapSink3', 'TrapSink4': 'id=TrapSink4'}, 'SPID': {'SPID': 'id=X_000631_SPId', 'dhcp_yes_override_radio_locator': '(//*[@id="DHCPServerEnable"])[1]', 'dhcp_no_override_radio_locator': 'id=X_000631_SPIdOverrideAllowedNo_radioBtn'}, 'Support_User': {'Credentials_username': 'id=Username', 'Credentials_password': 'id=Password'}, 'Syslog': {'PrimaryServer': 'id=PrimaryServer', 'SecondaryServer': 'id=SecondaryServer', 'Facility': 'id=Facility', 'Dropdown': "//*[@id='accordin-header']//*[contains(@class,'ccl-accordion-icon')]", 'TablePrimary_Ip': "//*[contains(text(),'Primary Server')]/following-sibling::td", 'TableSecondary_Ip': "//*[contains(text(),'Secondary Server')]/following-sibling::td", 'TableFacility': "//*[contains(text(),'Facility')]/following-sibling::td"}, 'LED_Management': {'LED_control': 'id=SuppressMode', 'CustomSuppression': {'LEDPower': {'enable_radio': 'id=LedPowerEnabled_radioBtn', 'disable_radio': 'id=LedPowerDisabled_radioBtn'}, 'LEDBroadband': {'enable_radio': 'id=LedBroadBandEnabled_radioBtn', 'disable_radio': 'id=LedBroadBandDisabled_radioBtn'}, 'LEDService': {'enable_radio': 'id=LedServiceEnabled_radioBtn', 'disable_radio': 'id=LedServiceDisabled_radioBtn'}, 'LEDWiFi24GHz': {'enable_radio': 'id=LedWifi2.4GEnabled_radioBtn', 'disable_radio': 'id=LedWifi2.4GDisabled_radioBtn'}, 'LEDWiFi5GHz': {'enable_radio': 'id=LedWifi5GEnabled_radioBtn', 'disable_radio': 'id=LedWifi5GDisabled_radioBtn'}, 'LEDEth1': {'enable_radio': 'id=LedEth1Enabled_radioBtn', 'disable_radio': 'id=LedEth1Disabled_radioBtn'}, 'LEDEth2': {'enable_radio': 'id=LedEth2Enabled_radioBtn', 'disable_radio': 'id=LedEth2Disabled_radioBtn'}, 'LEDEth3': {'enable_radio': 'id=LedEth3Enabled_radioBtn', 'disable_radio': 'id=LedEth3Disabled_radioBtn'}, 'LEDEth4': {'enable_radio': 'id=LedEth4Enabled_radioBtn', 'disable_radio': 'id=LedEth4Disabled_radioBtn'}, 'LEDPhone1': {'enable_radio': 'id=LedPhone1Enabled_radioBtn', 'disable_radio': 'id=LedPhone1Disabled_radioBtn'}, 'LEDPhone2': {'enable_radio': 'id=LedPhone2Enabled_radioBtn', 'disable_radio': 'id=LedPhone2Disabled_radioBtn'}, 'LEDUSB': {'enable_radio': 'id=LedUSBEnabled_radioBtn', 'disable_radio': 'id=LedUSBDisabled_radioBtn'}}}, 'Timezone': {'timezone': 'id=Tz', 'DaylightSaving_radio_locator': "xpath=(//*[@id='DHCPServerEnable'])[1]", 'NTPEnable_radio_locator': "xpath=(//*[@id='DHCPServerEnable'])[2]", 'NTPServer1': 'id=NTPServer1', 'NTPServer2': 'id=NTPServer2', 'NTPServer3': 'id=NTPServer3', 'NTPServer4': 'id=NTPServer4', 'NTPServer5': 'id=NTPServer5', 'NetworkTime': {'Enabled_Radio': 'id=NTPEnableEnabled_radioBtn', 'Disabled_Radio': 'id=NTPEnableDisabled_radioBtn'}}, 'TimezonePosix': {'timezone': 'id=Tz', 'NTPEnable_radio_locator': "xpath=(//*[@id='DHCPServerEnable'])[1]", 'NTPServer1': 'id=NTPServer1', 'NTPServer2': 'id=NTPServer2', 'NTPServer3': 'id=NTPServer3', 'NTPServer4': 'id=NTPServer4'}, 'Firewall': {'security_level': 'id=Config', 'stealth_mode_radio_locator': "xpath=(//*[@id='DHCPServerEnable'])[1]"}, 'Bandwidth': {'DownstreamCIR': 'id=DownstreamCIR', 'UpstreamCIR': 'id=UpstreamCIR'}, 'DHCP_Option82': {'CircuitIDFormat': 'id=CircuitIDFormat', 'RemoteIDFormat': 'id=RemoteIDFormat', 'Description': 'id=Description'}, 'DSCP': {'CS0_0': 'id=CS0 (0)', 'CS1_8': 'id=CS1 (8)', 'AF11_10': 'id=AF11 (10)', 'AF12_12': 'id=AF12 (12)', 'AF13_14': 'id=AF13 (14)', 'CS2_16': 'id=CS2 (16)', 'AF21_18': 'id=AF21 (18)', 'AF22_20': 'id=AF22 (20)', 'AF23_22': 'id=AF23 (22)', 'CS3_24': 'id=CS3 (24)', 'AF31_26': 'id=AF31 (26)', 'AF32_28': 'id=AF32 (28)', 'AF33_30': 'id=AF33 (30)', 'CS4_32': 'id=CS4 (32)', 'AF41_34': 'id=AF41 (34)', 'AF42_36': 'id=AF42 (36)', 'AF43_38': 'id=AF43 (38)', 'CS5_40': 'id=CS5 (40)', 'EF_46': 'id=EF (46)', 'CS6_48': 'id=CS6 (48)', 'CS7_56': 'id=CS7 (56)', 'Default': 'id=Default'}, 'PPPoE': {'username': 'id=Username', 'password': 'id=Password'}, 'QOS_Rule': {'QosType': 'id=QosType', 'rulename': 'id=X_000631_ClassName', 'priority': 'id=ClassQueue', 'dscp_class': 'id=DSCPCheck', 'IPAddresses': 'id=DHCPServerEnable', 'QoSDirectionandQueuePriority': 'id=ClassQueue', 'DSCPClass': 'id=DSCPCheck', 'IPAddress': {'Define_radio': 'id=AllIPAddressesDefine_radioBtn', 'SourceIP': 'id=SourceIP', 'SourceIPAddressMask': 'id=SourceMask', 'SourcePortNumber': 'id=SourcePort', 'SourcePortNumberRangeMax': 'id=SourcePortRangeMax', 'DestinationIP': 'id=DestIP', 'DestinationIPAddressMask': 'id=DestMask', 'DestinationPortNumber': 'id=DestPort', 'DestinationPortNumberRangeMax': 'id=DestPortRangeMax'}}, 'QOS_State': {'QOS_State': 'id=DHCPServerEnable'}, 'Video_Multicast_Range_Filters': {'NumberOfFilters': 'id=NumberOfFilters', 'StartIPAddress': 'name=Range1Start', 'EndIPAddress': 'name=Range1End'}, 'Video_Multicast_VLAN_Registration_MVR': {'NumberOfVLANs': 'id=NumberOfVLANs', 'Vlan1': 'name=Vlan1', 'Vlan1NumberOfRanges': 'id=Vlan1NumberOfRanges', 'Vlan1Range1Start': 'Vlan1Range1Start', 'Vlan1Range1End': 'Vlan1Range1End'}, 'Data_Service': {'productFamily': 'id=productFamily', 'Mode': 'id=Mode', 'default_wan_radio': {'locator': "xpath=(//*[@id='DHCPServerEnable'])[1]"}, 'FramingType': 'id=FramingType', 'BW_Profile': 'id=X_CALIX_SXACC_BW_PROFILE', 'IP_version': 'id=version', 'ONT_VLAN_ID': 'id=VLANID', 'VlanTagAction_radio': {'locator': "xpath=(//*[@id='DHCPServerEnable'])[2]", 'Un_tagged': 'id=VlanTagActionUn-tagged_radioBtn'}, 'vlan_id': 'id=X_000631_VlanMuxID', 'priority': 'id=X_000631_VlanMux8021p', 'SubscriberTrafficMatchRule': 'id=MatchRule', 'VLANIDFilter': 'id=VLANIDFilter', 'PbitFilter': 'id=X_000631_PbitFilter', 'EXA_TagAction': 'id=TagAction', 'MemberETHPorts': 'id=X_CALIX_SXACC_AE_L2_BRIDGE_MBR_PORTS', 'DSCP_to_Pbit_Map_radio': {'locator': "xpath=(//*[@id='DHCPServerEnable'])[3]", 'enable': 'id=X_000631_Dscp2PbitMapEnabledEnabled_radioBtn'}, 'IPv4NAT': {'enable': 'id=NATEnabledEnabled_radioBtn'}, 'AdvancedSettings': {'Show': 'id=AdvancedSettingsShow_radioBtn', 'USMaxMcast_BcastRate': {'EnabledRadio': 'id=USMaxMcastBcastRateEnabled_radioBtn', 'USMaxRate': 'id=UpstreamCIR', 'MACLimit': 'id=MacLimit'}, 'L2CP': {'EnableRadio': 'id=L2CPConfiguredEnabled_radioBtn', 'BPDUFilteringDD': 'id=L2CPBpduFilter', 'GARPFilteringDD': 'id=L2CPGarpFilter', 'AllLANsFilteringDD': 'id=L2CPAllLansFilter'}, 'MACForcedForwarding': {'enableRadio': 'id=MacFFEnableEnabled_radioBtn'}, 'IPSourceVerification': {'enableRadio': 'id=IPSourceVerifyEnableEnabled_radioBtn'}, 'TLAN': {'enableradio': 'id=TLANEnableEnabled_radioBtn'}, 'IPv6Transparent': {'enableradio': 'id=IPv6TransparentEnabled_radioBtn'}, 'DHCPModeDD': 'id=DhcpMode', 'DHCPOption82ProfileDD': 'id=Option82Profile'}}, 'Video_Service': {'productFamily': 'id=productFamily', 'Mode': 'id=Mode', 'VlanTagAction_radio': {'locator': "xpath=(//*[@id='DHCPServerEnable'])[1]"}, 'vlan_id': 'id=X_000631_VlanMuxID', 'priority': 'id=X_000631_VlanMux8021p', 'DSCP_to_Pbit_Map_radio': {'locator': 'id=X_000631_Dscp2PbitMapEnabledEnabled_radioBtn'}, 'IPTV_SSID_radio': {'locator': 'id=EnableIPTV_SSIDEnabled_radioBtn'}, 'QueryInterval': 'name=QueryInterval', 'max_multicast_streams': 'id=X_000631_MaxStreams', 'BW_Profile': 'id=X_CALIX_SXACC_BW_PROFILE', 'MVR_profile': 'id=X_000631_MvrProfile', 'Multicast_Range_Filter_profile': 'id=X_000631_McastFilter', 'AnyPortAnyService_Eanble_radio': 'id=AnyPortAnyServiceEnabledEnabled_radioBtn', 'BridgeLANInterface': 'id=BridgedInterface', 'APAS_EnableIPTV_radio': 'id=APAS_EnableIPTV_SSIDEnabled_radioBtn', 'OUIMatching': 'id=OUI_EnableEnabled_radioBtn', 'OUIList': 'id=OUI_FilterList', 'ONTFullBridge': {'SubscriberTrafficMatchRule': 'id=MatchRule', 'MemberETHPorts': 'id=X_CALIX_SXACC_AE_L2_BRIDGE_MBR_PORTS', 'VLANID': 'id=VLANID'}}, 'Voice_Service': {'productFamily': 'id=Model', 'service_type': 'id=Type', 'WAN_Connection_Framing_Type': 'id=ServiceFramingType', 'ipType': 'id=ipType', 'VlanTagAction_radio': {'locator': 'id=VlanTagActionTagged_radioBtn'}, 'vlan_id': 'id=X_000631_VlanMuxID', 'priority': 'id=X_000631_VlanMux8021p', 'ProxyServer': 'id=ProxyServer', 'ProxyServerPort': 'id=ProxyServerPort', 'Revertive': {'enable_radio': 'id=RevertiveEnabled_radioBtn'}, 'OptionsTimer': {'enable_radio': 'id=OptionsTimerSwitchEnabled_radioBtn', 'Disable_radio': 'id=OptionsTimerSwitchDisabled_radioBtn'}, 'DNSPrimary': 'id=DNSPrimary', 'DNSSecondary': 'id=DNSSecondary', 'RTPCodec1st': 'id=RTPCodec1st', 'PacketRate1st': 'id=PacketRate1st', 'SilenceSuppression1st_radio': {'locator': 'id=SilenceSuppression1stEnabled_radioBtn'}, 'RTPCodec3rd_Dd': 'id=RTPCodec3rd', 'PacketRate3rd_DD': 'id=PacketRate3rd', 'SilenceSuppressionThirdOrder': 'id=SilenceSuppression3rdEnabled_radioBtn', 'TimerT1': 'id=TimerT1', 'TimerT2': 'id=TimerT2', 'RegistrationPeriod': 'id=RegistrationPeriod', 'DistinctiveRingPrefix': 'id=DistinctiveRingPrefix', 'CallWaitingTonePrefix': 'id=CallWaitingTonePrefix', 'DTMFMethod': 'id=DTMFMethod', 'LocalHookFlash_radio': {'locator': 'id=LocalHookFlashEnabled_radioBtn'}, 'RTPDscpInputType_radio': {'locator': 'id=RTPDscpInputTypeInput &lt;0-63&gt;_radioBtn'}, 'RTPDscp': 'id=RTPDscpValue', 'ControlDscp': 'id=ControlDscpValue', 'domain': 'id=UserAgentDomain', 'Country': 'id=CountryCode', 'ReleaseTimer': 'id=ReleaseTimer', 'RTPPort': 'id=RTPPort', 'SwitchType': 'id=SwitchType', 'OutboundProxy': 'id=OutboundProxy', 'OutboundProxyPort': 'id=OutboundProxyPort', 'RegistrarServer': 'id=RegistrarServer', 'RegistrarServerPort': 'id=RegistrarServerPort', 'UserAgentPort': 'id=UserAgentPort', 'RTPCodec2nd': 'id=RTPCodec2nd', 'PacketRate2nd': 'id=PacketRate2nd', 'SilenceSuppressionSecoundOrder': 'id=SilenceSuppression2ndEnabled_radioBtn', 'RTPCodec4th': 'id=RTPCodec4th', 'PacketRate4th': 'id=PacketRate4th', 'SilenceSuppressionFourthOrder': 'id=SilenceSuppression4thEnabled_radioBtn'}, 'Add_Object': {'object_path': 'id=tr098PathPrefix', 'NumberOfParameters': 'id=NumberOfParameters', 'index_parameter_name': 'id=1stName', 'index_parameter_type': 'id=1stType', 'index_parameter_value': 'id=1stValue'}, 'Delete_Object': {'object_path': 'id=tr098PathPrefix', 'index_parameter': 'id=keyParameter', 'delete_radio': {'locator': "xpath=(//*[@id='DHCPServerEnable'])[1]"}, 'list_of_objects': 'id=objectList'}, 'Set_Parameter_Value': {'category_name': 'id=SetParamValueProfileName', 'value': 'id=SetParamValueProfileValue', 'type': 'id=SetParamValueProfileType'}, 'G24_WiFi_Radio': {'wifi_radio': {'locator': "xpath=(//*[@id='DHCPServerEnable'])[1]"}, 'mode': 'id=Standard', 'power_level': 'id=TransmitPower', 'bandwith': 'id=X_000631_OperatingChannelBandwidth', 'multicast_forwarding_radio': {'locator': "xpath=(//*[@id='DHCPServerEnable'])[2]"}, 'airtime_fairness_radio': {'locator': "xpath=(//*[@id='DHCPServerEnable'])[3]"}, 'frame_brust_radio': {'locator': "xpath=(//*[@id='DHCPServerEnable'])[4]"}}, 'G5_WiFi_Radio': {'wifi_radio': {'locator': "xpath=(//*[@id='DHCPServerEnable'])[1]"}, 'mode': 'id=Standard', 'bandwidth': 'id=X_000631_OperatingChannelBandwidth', 'power_level': 'id=TransmitPower', 'dfs_radio': {'locator': 'id= X_000631_EnableDfsChannelsEnabled_radioBtn'}, 'MUMIMO_radio': {'locator': 'id=MUMIMOEnabledEnabled_radioBtn'}}, 'WiFi_Country': {'country': 'id=RegulatoryDomain'}, 'WiFi_SSID': {'ssid': 'id=WlanIndex', 'service_radio': {'locator': 'id=Enable'}}, 'SmartTown_Wi_Fi_Traffic': {'Traffic_configuration': "xpath=(//*[contains(@class,'ng-select-container')])[1]", 'Category_emptytoast': "xpath=//*[contains(text(),'Please add at least one category.')]", 'Traffic_D_bridged': "xpath=(//*[contains(text(),'Bridged')])[1]", 'Traffic_bridged': "xpath=(//*[contains(text(),'Bridged')])[2]", 'Traffic_routed_HSI': "xpath=//*[contains(text(),'Routed on HSI VLAN')]", 'Traffic_routed_separate': "xpath=//*[contains(text(),'Routed on Separate VLAN')]", 'vlan_id': 'id=vlanId', 'vlanid_toast_msge': "xpath=(//*[contains(text(),'This field is required.')])[1]", 'vlanid_limit_msge': "xpath=//*[contains(text(),' Please enter a value less than or equal to 4093. ')]", 'vlanid_negativevalue_msge': "xpath=//*[contains(text(),'Please enter a value greater than or equal to 1.')]", 'vlanid_emptysave_msge': "xpath= //*[contains(text(),'Please add at least one category. ')]", 'Traffic_IPversion_header': "xpath=//*[contains(text(),'IP Version')]", 'Traffic_IPversion': "xpath=(//*[contains(@class,'ng-select-container')])[2]", 'IPversion_IPv4': "xpath=//*[contains(text(),'IPv4')]", 'IPversion_IPv6': "xpath=//*[contains(text(),'IPv6')]", 'IPversion_Dual': "xpath=//*[contains(text(),'IPv4+IPv6 Dual Stack')]", 'IP_toast_msge': "xpath=(//*[contains(text(),'This field is required.')])[2]", 'category_header': "xpath=//*[contains(text(),'Category')]", 'networktype_header': "xpath=//*[contains(text(),'Network Type')]", 'vlanid_header': "xpath=//*[contains(text(),'VLAN ID ')]", 'Hotspot_resendential_header': "xpath=  //*[contains(text(),'This hotspot has residential and SmartTown Wi-Fi users')]", 'Hotspot_enable': "//*[contains(text(),'Yes')]", 'Hotspot_disable': "(//*[contains(text(),'No')])[2]", 'Delete_passpoint': 'id=delteCategory_0'}, 'WiFi_SSID_For_EXOS': {'Error_msge': "xpath=//*[contains(text(),'This field is required.')]", 'Select_SSID': "xpath=(//*[contains(@class,'ng-select-container ng-has-value')])[1]", 'Delete_category': "xpath=(//*[@id='delteCategory_0'])[1]", 'Select_24GHz': "xpath=//*[contains(text(),'2.4 GHz Primary SSID')]", 'Select_24GHz_1': "//*[contains(text(),'2.4 GHz Operator SSID #1')]", 'Select_24GHz_2': "//*[contains(text(),'2.4 GHz Operator SSID #2')]", 'Select_24GHz_3': "//*[contains(text(),'2.4 GHz Operator SSID #3')]", 'Select_5GHz_pri': "//*[contains(text(),'5 GHz Primary SSID')]", 'Select_5GHz_IPTV': "//*[contains(text(),'5 GHz IPTV SSID')]", 'Select_5GHz_1': "//*[contains(text(),'5 GHz Operator SSID #1')]", 'Select_5GHz_2': "//*[contains(text(),'5 GHz Operator SSID #2')]", 'Service_radio_Enable': "xpath=(//*[contains(text(),'Enabled')])[1]", 'Service_radio_Disable': "xpath=(//*[contains(text(),'Disabled')])[1]", 'Input_name': 'id=SSID', 'Broadcasting_UiTxt': "//*[contains(text(),' Broadcasting ')]", 'Security_UiTxt': "//*[contains(text(),'Security')]", 'Encryption_UiTxt': "//*[contains(text(),'Encryption ')]", 'Passphrase_UiTxt': "//*[contains(text(),'Passphrase ')]", 'Broadcasting_radio_Enable': "xpath=(//*[contains(text(),'Enabled')])[2]", 'Broadcasting_radio_Disable': "xpath=(//*[contains(text(),'Disabled')])[2]", 'Select_Security': "xpath=(//*[contains(@class,'ng-select-container ng-has-value')])[2]", 'Select_Security_Wi-Fi_Unified_Primary': "//*[contains(@class,'ng-select-container ng-has-value')]", 'Select_WPA3': "xpath=(//*[contains(text(),'WPA3 Personal')])[1]", 'Select_WPA3_2': "xpath=//*[contains(text(),'WPA2 WPA3 Personal')]", 'Select_WPA': "xpath=//*[contains(text(),'WPA WPA2 Personal')]", 'Select_WPA_2': "xpath=(//*[contains(text(),'WPA2 Personal')])[2]", 'Select_WPA_personal': "xpath=//*[contains(text(),'WPA Personal')]", 'Select_security': "xpath=//*[contains(text(),'Security Off')]", 'Select_Encryption': "xpath=(//*[contains(@class,'ng-select-container ng-has-value')])[3]", 'Select_Encryption_Wi-Fi_Unified_Primary': "xpath=(//*[contains(@class,'ng-select-container ng-has-value')])[2]", 'Encryption_AES': "xpath=(//*[contains(text(),'AES')])[1]", 'Encryption_AES2': "xpath=//*[@class='ng-dropdown-panel-items scroll-host']//*[contains(text(),'AES')]", 'Encryption_TKIP': "xpath=//*[contains(text(),'TKIP')]", 'Encryption_Both': "xpath=//*[contains(text(),'Both')]", 'Input_password': 'id=PreSharedKey.1.KeyPassphrase', 'Select_6GHz_Primary_SSID': "//*[@class='ng-dropdown-panel-items scroll-host']//*[contains(text(),' 6 GHz Primary SSID ')]"}}, 'ConfigurationFiles': {'Tab': 'id=configFileTabId', 'Title': 'Configuration Files', 'Namelabel': 'Name', 'DescriptionLabel': 'Description', 'TypeLabel': 'Type', 'VersionLabel': 'Version', 'Add_Btn': 'id=add-config-btn', 'TableInfo': 'id=configurationFilesTable_info', 'Pagination': 'id=configurationFilesTable_paginate', 'FormFileLabel': 'File', 'Choosefile': 'id=importFile', 'FileType': 'id=fileType', 'ModelField': 'id=Model', 'FileVersion': 'id=Version', 'FileName': 'id=name', 'FileDescription': 'id=description', 'Submit': 'id=submit-btn', 'Cancel': 'id=cancel-btn', 'DeleteConfirm': 'id=confirm-btn', 'Table': 'id=configurationFilesTable'}, 'SW_image': {'Tab': 'id=swImgTabId', 'Add_Btn': 'id=add-software-images-btn', 'Namelabel': 'Name', 'Descriptionlabel': 'Description', 'Header': 'Software Image', 'Versionlabel': 'Version', 'Filelabel': 'File', 'Modellabel': 'Model(s)', 'Choosefile': 'id=importFile', 'Modelfield': 'id=Model', 'Versionfield': 'id=Version', 'Namefield': 'id=name', 'Descriptionfield': 'id=description', 'cancelBtn': 'id=cancel-btn', 'SubmitBtn': 'id=submit-btn', 'DeleteConfirm': 'id=deletePFBtn'}, 'PerformanceTesting': {'Tab': 'id=performanceTestingTabId', 'Table': 'id=workflow-table_last', 'NewTest_Btn': 'id=addNew-test', 'Instance_Name': 'id=name_input', 'Instance_Description': 'id=decription_input', 'NextBtn': 'id=netops-perftest-instance-wizard-next-btn', 'Add_device_previous_btn': 'id=netops-perftest-add-device-previous-btn', 'Device_error': "xpath=//*[@id='device_input-error']/p", 'TableData': "xpath=//*[@class='text-center']", 'Devices_ID': 'id=device_input', 'Devices_Add': 'id=netops-add-device-btn', 'Device_Next': 'id=netops-perftest-add-device-next-btn', 'Device_Delete': "xpath=//i[@class='fa fa-trash-o']", 'Primary_Server': 'id=primaryServer', 'Server_previous_btn': 'id=netops-perftest-server-previous-btn', 'Secondary_Server': 'id=secondaryServer', 'Server_Yeslabel': 'id=serviceTierSpeedTreshChecked', 'Server_Nolabel': 'id=serviceTierSpeedTreshUnChecked', 'Server_Tier_Download': 'id=dataBwProfile', 'Server_Download_Speed_Tier': 'id=serviceTierDownloadSpeed', 'Server_Upload_Speed_Tier': 'id=serviceTierUploadSpeed', 'Server_Speed_Threshold': 'id=speedThreshold', 'Server_Latency_Threshold': 'id=latencyThreshold', 'Server_Next': 'id=netops-perftest-server-next-btn', 'Schedule_previous_btn': 'id=netops-perftest-schedule-previous-btn', 'Speedtest_url': 'xpath=//*[@href="https://www.speedtest.net/privacy"]', 'Schedule_Timezone': 'id=timeZone', 'Schedule_Start_Date': "xpath=//*[@id='start_date_2']//button", 'CurrentDate': "xpath=//*[contains(@class,'p-datepicker-today')]/span", 'DatePicker_Next': "xpath=//button[contains(@class,'p-datepicker-next')]", 'SelectDate': "xpath=//td[not(contains(@class,'p-datepicker-today'))]//*[text()='{value}']", 'GetDate': "xpath=//*[@id='start_date_2']/span/input", 'Schedule_Number_of_Days': 'id=noDays', 'Schedule_Start_Hour': "xpath=//*[@placeholder='24hr format']", 'Schedule_Number_of_hours': 'id=noOfHours', 'Schedule_Next': 'id=netops-perftest-schedule-next-btn', 'Finish': 'id=netops-perftest-review-finish-btn', 'Review_Previous_btn': 'id=netops-perftest-review-previous-btn', 'profile': "xpath=//*[@id='workflow-table_last']/tbody/tr//*[contains(text(),'{value}')]", 'DownloadReport_Btn': 'id=netops-perf-test-download-btn', 'Suspend_Btn': 'id=netops-perf-test-suspend-btn', 'Resume_Btn': 'id=netops-perf-test-resume-btn', 'Edit_Btn': 'id=netops-perf-test-edit-btn', 'Review_name': "xpath=//*[@class='mt-4 performance-review-table']//td[1]", 'Review_list_devices': "xpath=(//*[contains(@class,'performance-review-table')])[2]//td[1]", 'Review_downloadspeedtire': "xpath=(//*[contains(@class,'performance-review-table')])[4]//td[5]", 'Review_Uploadspeedtire': "xpath=(//*[contains(@class,'performance-review-table')])[4]//td[6]", 'Review_speedthreshold': "xpath=(//*[contains(@class,'performance-review-table')])[4]//td[7]", 'Review_latencythreshold': "xpath=(//*[contains(@class,'performance-review-table')])[4]//td[8]"}, 'Workflow': {'Tab': 'id=workflowsTabId', 'NewWorkflow_Btn': 'id=add_workflow', 'Name': 'id=wk-name_input', 'Description': 'id=wk-decription_input', 'Next_Btn': 'id=next', 'previous_btn': 'id=previous', 'device_group_applicable_checked': 'id=show-form', 'device_group_applicable_unchecked': 'id=hide-form', 'operation_new_btn': 'id=new-operation', 'Operation_Type': 'id=opr-type', 'Operation_Condition': 'id=opr-condition', 'configuration_file_table': 'id=opr-config-table', 'sw_table': 'id=wk-sw-table', 'done_btn': 'id=btn-doneOperation', 'schedule_trigger': 'id=trigger', 'schedule_start_time': 'id=start-time', 'schedul_time_window': 'id=windowlength', 'schedule_recurrence_pattern_daily_radio': 'id=daily-radio', 'schedule_recurrence_pattern_weekly_radio': 'id=weekly-radio', 'schedule_recurrence_pattern_monthly_radio': 'id=monthly-radio', 'schedule_recurrence_pattern_every_radio': 'id=daily-check-input', 'schedule_recurrence_range_start': 'id=start-date_1', 'schedule_recurrence_range_endby_radio': 'id=end-by', 'schedule_recurrence_range_endafter_radio': 'id=end-after', 'schedule_recurrence_range_occurences': 'id=range-occurrence', 'schedule_priority': 'id=Prioritization', 'FinishBtn': 'id=finish', 'Table': 'id=workflow-table', 'Back_to_summary': "xpath=//span[normalize-space()='Back to Summary']", 'StatusTable': 'xpath=(//tbody/tr)[1]', 'workflows_status_table': 'id=workflow-status-table', 'workflows_status_Detailstable': 'id=workflow-status-info-table', 'status_complete': '//*[@id="workflow-status-table"]/tbody/tr/td[2]/p', 'pause_confirm': "xpath=//*[contains(text(),'Confirm')]", 'delete_confirm': 'id=deleteBtn', 'status_refresh': 'id=refresh', 'SelectCategory': 'id=inputCategory', 'Replaceprofiletable': 'id=wk-replace-table', 'SelectprofileRadiobutton': "xpath=//*[@id='wk-replace-table']/tbody/tr[1]/td/input", 'Newprofiletable': 'id=wk-replace-table', 'NewProfile': "xpath=//*[contains(text(),'New Profile')]", 'ReplaceprofileRadiobutton': "xpath=//*[@id='wk-new-table']/tbody/tr[1]/td/input", 'AvailableEdgeSuite': "xpath=//*[contains(text(),'Available EDGE Suites')]", 'EdgeSuitTable': 'id=wk-static-table', 'SelectProtectIQ': "xpath=//*[contains(text(),'ProtectIQ')]/parent::tr/td[1]/input", 'SelectExperienceIQ': "xpath=//*[contains(text(),'ExperienceIQ')]/parent::tr/td[1]/input", 'close': "xpath=//*[@class='close']", 'Operationtable': "xpath=//*[@id='wk-opr-table']//td[2]", 'Summaryname': "xpath=//*[@id='Workflow_div']//td[1]", 'Review_OperationType': "xpath=//*[@id='opr_div']//td[1]", 'Review_OperationName': "xpath=//*[@id='opr_div']//td[2]", 'Review_Prioritization': 'id=priortize', 'Verify_configuration': "(//*[contains(text(),'Configuration File Download')])[1]", 'Verify_configuration2': "(//*[contains(text(),'Configuration File Download')])[2]", 'Verify_SWFW': "//*[contains(text(),'Download SW/FW Image')]", 'Verify_reboot': "//*[contains(text(),'Reboot')]", 'Verify_profile': "//*[contains(text(),'Apply Configuration Profile')]", 'Verify_replace': "//*[contains(text(),'Replace Service Profile')]", 'Verify_static': "//*[contains(text(),'Add to Static System Group')]", 'Verify_edge': "//*[contains(text(),'EDGE Suites Bulk Activation')]", 'Verify_myCommunityIQ': "//*[contains(text(),'myCommunityIQ Bulk Activation')]", 'Review_Tab': 'id=wk-review', 'Passpoint_checkbox': 'id=active-hotspot', 'Passpoint_community': "xpath=//*[@class='ng-select-container']", 'Passpoint_community1': "xpath=(//*[@class='ng-value-container'])[2]", 'Passpoint_text_input': "xpath=(//*[@type='text'])[3]", 'Passpoint_community_label1': "xpath=//*[contains(@class,'scroll-host')]//*[text()='manual-test']", 'Passpoint_community_limittoast': "xpath=//*[contains(text(),'The max number of allowed communities is 16.')]", 'Passpoint_operation_delete': "xpath=//*[@id='wk-opr-del-btn']", 'Verify_Passpoint_Activation': "xpath=//*[contains(text(),'myCommunityIQ Bulk Activation')]", 'Passpoint_delete1': "xpath=(//*[contains(text(),'×')])[17]", 'Verify_false': "xpath=//*[contains(text(),'False')]", 'Verify_true': "xpath=//*[contains(text(),'True')]", 'Verify_start_header': "xpath=//button[contains(.,'Start')]", 'Verify_sytemgroup_header': "xpath=//button[contains(.,'System Groups')]", 'Verify_operationparameters_header': "xpath=//button[contains(.,'Operation Parameters')]", 'Verify_scheduleparameters_header': "xpath=//button[contains(.,'Schedule Parameters')]", 'Verify_review_header': "xpath=//button[contains(.,'Review')]", 'startNamEerrorTxt': "xpath=//*[contains(text(),'Please enter a value')]", 'availableImageFileTxt': "xpath=//*[contains(text(),'Available Image Files')]//child::span[text()='*']", 'operationTableNameTxt': "xpath=(//*[contains(text(),'Name')])[2]", 'operationTableDescriptionTxt': "xpath=//*[@class='row-border row-border dataTable hover table-alter']//child::th[contains(text(),'Description')]", 'operationErrorTxt': "xpath=//*[contains(text(),'Please add at least one operation.')]", 'systemGroupErrorTxt': "xpath=//*[contains(text(),'Please select at least one system group.')]", 'triggerTxt': "xpath=//*[contains(text(),'Trigger')]", 'triggeredCPETxt': "xpath=(//*[contains(text(),'Trigger')])[2]", 'timeSchedulerTxt': "xpath=//*[@class='ng-dropdown-panel-items scroll-host']//child::div[contains(text(),'Time Scheduler')]", 'onDiscoverytTxt': "xpath=//*[@class='ng-dropdown-panel-items scroll-host']//child::div[contains(text(),'On Discovery')]", 'discardBtn': "xpath=//*[contains(text(),'Discard')]", 'tableNameTxt': "xpath=//*[@class='workflow-table-info row-border hover table-alter dataTable no-footer']//child::th[contains(text(),'Name')]", 'tableDescriptionTxt': "xpath=//*[@class='workflow-table-info row-border hover table-alter dataTable no-footer']//child::th[contains(text(),'Description')]", 'tablecurrentStatetTxt': "xpath=//*[@class='workflow-table-info row-border hover table-alter dataTable no-footer']//child::th[contains(text(),'Current State')]", 'tableStartTimeTxt': "xpath=//*[@class='workflow-table-info row-border hover table-alter dataTable no-footer']//child::th[contains(text(),'Start Time')]", 'tableEndTimeTxt': "xpath=//*[@class='workflow-table-info row-border hover table-alter dataTable no-footer']//child::th[contains(text(),'End Time')]", 'reviewWorkflowTxt': "xpath=(//*[contains(text(),'Workflow')])[3]", 'reviewSystemgroupsTxt': "xpath=(//*[contains(text(),'System Groups')])[3]", 'reviewOperationParametersTxt': "xpath=(//*[contains(text(),'Operation Parameters')])[2]", 'reviewSelectTriggerParameters': "xpath=//*[contains(text(),'Select Trigger Parameters')]", 'reviewWorkflowNameTxt': "xpath=(//*[contains(text(),'Name')])[2]", 'reviewWorkflowDescriptionTxt': "xpath=(//*[contains(text(),'Description')])[1]", 'reviewSystemNameTxt': "xpath=(//*[contains(text(),'Name')])[3]", 'reviewSystemDescriptionTxt': "xpath=(//*[contains(text(),'Description')])[2]", 'reviewSystemTypeTxt': "xpath=(//*[contains(text(),'Type')])[1]", 'reviewOperationNameTxt': "xpath=(//*[contains(text(),'Name')])[4]", 'reviewOperationConditionTxt': "xpath=(//*[contains(text(),'Condition')])[1]", 'reviewOperationTypeTxt': "xpath=(//*[contains(text(),'Type')])[2]", 'verifyReviewName': "xpath=(//*[@class='row-border dataTable hover table-alter no-footer']/tbody/tr/td[1])[1]", 'verifyDescription': "xpath=//*[@class='row-border dataTable hover table-alter no-footer']//following::td[2]", 'verifySystemGroupName': "xpath=//*[@class='row-border dataTable hover table-alter no-footer']//following::td[3]", 'verifySystemGroupDescription': "xpath=//*[@class='row-border dataTable hover table-alter no-footer']//following::td[4]", 'verifySystemGroupType': "xpath=//*[@class='row-border dataTable hover table-alter no-footer']//following::td[5]", 'verifyOperationType': "xpath=//*[@class='row-border dataTable hover table-alter no-footer']//following::td[6]", 'verifyOperationName': "xpath=//*[@class='row-border dataTable hover table-alter no-footer']//following::td[7]", 'verifyOperationCondition': "xpath=//*[@class='row-border dataTable hover table-alter no-footer']//following::td[8]", 'editWorkflowBtn': "xpath=(//*[contains(text(),'{name}')]//following::button)[1]", 'editIconBtn': "xpath=//*[@class='pencil-alt-btn']", 'deleteWorkflowBtn': "xpath=(//*[contains(text(),'{deleteBtn}')]//following::button)[4]", 'scheduleWarningTxt': "xpath=//*[contains(text(),'The following cases will result in a reboot of the system:')]", 'scheduleWarningTxt1': "xpath=//*[contains(text(),'Changes to the WAN interface carrying management traffic')]", 'scheduleWarningTxt2': "xpath=//*[contains(text(),'Apply Wi-Fi Country Profiles on Releases older than 12.2.0')]", 'scheduleWarningTxt3': "xpath=//*[contains(text(),'Apply a reboot workflow')]", 'workflowTimeTxt': "xpath=//*[contains(text(),'Workflow Time')]", 'recurrencePatternTxt': "xpath=//*[contains(text(),'Recurrence Pattern')]", 'rangeOfRecurrence': "xpath=//*[contains(text(),'Range of Recurrence')]", 'prioritizationTxt': "xpath=//*[contains(text(),'Prioritization')]", 'startTimeTxt': "xpath=//*[contains(text(),'Start Time')]", 'timeWindowTxt': "xpath=//*[contains(text(),'Time Window (minutes)')]", 'startTxt': "xpath=//*[@class='row ccl-form']//child::label[contains(text(),'Start')]", 'occurrencesTxt': "xpath=//*[contains(text(),'Occurrences')]", 'occurrencesTxtBx': 'id=range-occurrence', 'categoryDropdownBtn': "//*[@class='ng-arrow-wrapper']", 'bandwithBtn': "xpath=(//*[contains(text(),'Bandwidth')])[1]", 'seriveAttributeTxt': "xpath=//*[@label='Service Attributes']", 'servicesTxt': "xpath=//*[@label='Services']", 'dataserviceBtn': "xpath=//*[contains(text(),'Data Service')]", 'voiceserviceBtn': "xpath=(//*[contains(text(),'Voice Service')])[1]", 'videoServiceBtn': "xpath=//*[contains(text(),'Video Service')]", 'systemGroupChkBx': "xpath=(//*[@type='checkbox'])[1]", 'operationRadioBtn': "xpath=(//*[@type='radio'])[1]", 'operationRadioBtn2': "xpath=(//*[@class='row-border dataTable row-border hover table-alter']//following::input[@type='radio'])[2]", 'newProfileOperationRadioBtn': "xpath=(//*[@type='radio'])[30]", 'swfwImageBtn': "xpath=//*[contains(text(),'Download SW/FW Image')]", 'rebootBtn': "xpath=//*[contains(text(),'Reboot')]", 'applyConfigurationProfileBtn': "xpath=//*[contains(text(),'Apply Configuration Profile')]", 'replaceServiceBtn': "xpath=//*[contains(text(),'Replace Service Profile')]", 'addToStaticBtn': "xpath=//*[contains(text(),'Add to Static System Group')]", 'edgeSuitesBulkBtn': "xpath=//*[contains(text(),'EDGE Suites Bulk Activation')]", 'myCommunityIQBtn': "xpath=//*[contains(text(),'myCommunityIQ Bulk Activation')]", 'myCommunityIQBtn2': "xpath=(//*[contains(text(),'myCommunityIQ Bulk Activation')])[2]", 'workflowname': "//*[@id='workflow-table']//*[contains(text(),'{name}')]", 'availableStaticGroupsTxt': "xpath=//*[contains(text(),'Available Static Groups')]//span[text()='*']", 'protectiqTxt': "xpath=(//*[contains(text(),'ProtectIQ')])[1]", 'experienceiqTxt': "xpath=(//*[contains(text(),'ExperienceIQ')])[1]", 'protectiqChkBx': "xpath=(//*[@type='checkbox'])[1]", 'experienceiqChkBx': "xpath=(//*[@type='checkbox'])[2]", 'availableEdgeSuitesTxt': "xpath=//*[contains(text(),'Available EDGE Suites')]", 'myCommunityIQTxt': "xpath=(//*[contains(text(),'myCommunityIQ Bulk Activation')])", 'activeHotspotChkBx': 'id=active-hotspot', 'activeHotspotTxt': "xpath=//*[contains(text(),'Active Hotspot')]", 'editMenuBtn': "xpath=(//*[contains(text(),'{name}')]//following::div)[3]", 'sundayRadioBtn': 'id=sunday', 'mondayRadioBtn': 'id=monday', 'tuesdayRadioBtn': 'id=tuesday', 'wednesdayRadioBtn': 'id=wednesday', 'thursdayRadioBtn': 'id=thursday', 'fridayRadioBtn': 'id=friday', 'saturdayRadioBtn': 'id=saturday', 'dailyTxt': "xpath=//*[contains(text(),'Daily')]", 'weeklyTxt': "xpath=//*[contains(text(),'Weekly')]", 'monthlyTxt': "xpath=//*[contains(text(),'Monthly')]", 'everyTxt': "xpath=//*[contains(text(),'Every')]", 'endAfterTxt': "xpath=//*[contains(text(),'End after')]", 'endBy': "xpath=//*[contains(text(),'End by')]", 'daysTxt': "xpath=//*[contains(text(),'day(s)')]", 'executeAgainstTxt': "xpath=//*[contains(text(),'Execute against full group(s) during every run')]", 'pauseWorkflowBtn': "xpath=(//*[contains(text(),'{pauseBtn}')]//following::button)[3]", 'closeIconBtn': "xpath=//*[@type='button']//child::span", 'okayBtn': "xpath=//*[contains(text(),'Okay')]", 'startNameTxt': "xpath=(//*[contains(text(),'Name')])[2]//span[text()='*']", 'startdescriptionTxt': "xpath=//*[contains(text(),'Description')]//*[contains(text(),'(Optional)')]", 'configurationFileBtn1': "xpath=(//*[contains(text(),'Configuration File Download')])[1]", 'configurationFileBtn2': "xpath=(//*[contains(text(),'Configuration File Download')])[2]", 'statusBtn': "xpath=(//*[contains(text(),'{name}')]//following::button)[2]", 'ststus_table': 'id=workflow-status-table', 'status_complete_txt': '100 % Completed', 'refresh_data': 'id=refresh', 'availableConfigurationTxt': "xpath=//*[@class='form-group row']//child::span[contains(text(),'Available Configuration Files')]//span[text()='*']", 'softwareVersionTxt': "xpath=//*[contains(text(),'Software Version')]", 'operationTableTypeTxt': "xpath=(//*[contains(text(),'Type')])[3]", 'availableConfigurationProfilesTxt': "//*[contains(text(),'Available Configuration Profiles ')]//span[text()='*']"}}, 'WiFi': {'SSID_ManagerTab': 'id=ssidManagerBtnId', 'SSID_Manager': {'Tab': 'id=ssidManagerBtnId', 'Table': 'id=wifi-ssid-table', 'Refresh': 'id=ssidRefresh', 'count': "xpath=//*[contains(@class,'ssidcount')]", 'Add_SSID_Btn': 'id=addssid', 'Cancel_Btn': "xpath=//button[contains(text(),'Cancel')]", 'Close_Btn': "xpath=//*[@class='close']", 'name': 'id=ssid', 'NetworkType_Dd': 'id=type', 'WFH_Type': "xpath=//*[@class='ng-dropdown-panel-items scroll-host']//*[contains(text(),'WFH')]", 'Guest_Type': "xpath=//*[@class='ng-dropdown-panel-items scroll-host']//*[contains(text(),'Guest')]", 'Custom_Unified': "xpath=//*[@class='ng-dropdown-panel-items scroll-host']//*[contains(text(),'Custom Unified')]", 'Custom_24GHz': "xpath=//*[@class='ng-dropdown-panel-items scroll-host']//*[contains(text(),'Custom 2.4 GHz')]", 'Custom_5GHz': "xpath=//*[@class='ng-dropdown-panel-items scroll-host']//*[contains(text(),'Custom 5 GHz')]", 'Custom_6GHz': "xpath=//*[@class='ng-dropdown-panel-items scroll-host']//*[contains(text(),'Custom 6 GHz')]", 'Secoundary_encryption': 'id=encryptionType', 'Secoundary_password': 'id=password', 'Edit_Secoundary_password': 'id=passwordedit', 'Secoundary_Password_eye': "xpath=//*[@class='togg-icon']", 'Secoundary_endless_Checkbox': "xpath=//label[@for='endless']", 'Secoundary_Custom_Checkbox': "xpath=//label[@for='Custom']", 'Submit_Btn': "xpath=//button[contains(text(),'Submit')]", 'Delete_Btn': "xpath=//button[contains(text(),'Delete')]", 'Isolation_Btn': "xpath=//*[@id='isolated']/following-sibling::span", 'prioritization_Btn': "//*[@for='prioritizationCheckbox']/span", 'prioritization_disabled': "xpath=//*[@id='prioritizationduplicate']", 'isolation_disabled': "xpath=//*[@id='isolatedduplicate']", 'StartDate': "xpath=//*[@id='startdateadd']/span/button", 'Enddate': "xpath=//*[@id='enddateadd']/span/button", 'Passphrase_icon': "//*[contains(text(),'{ssidname}')]/parent::td/following-sibling::td[7]/div/div/i", 'Edit_Passphrase_icon': "//*[contains(text(),'View Passphrase')]", 'Passphrasepopup_txt1': "//*[contains(text(),'This information is sensitive, and all access will be logged')]", 'Passphrasepopup_txt2': "//*[contains(text(),'I confirm that the subscriber has verified their identity and understand my access will be logged')]", 'Passphrase_acc_header': "(//*[contains(text(),'Account')])[2]", 'Passphrase_phn_header': "(//*[contains(text(),'Phone No.')])[2]", 'Passphrase_mail_header': "(//*[contains(text(),'Email')])[2]", 'Passphrase_Add_header': "(//*[contains(text(),'Address')])[4]", 'Passphrase_access_btn': "//*[contains(text(),'Access Passphrase')]", 'Passphrase_cncl_btn': "//button[contains(.,'Cancel')]", 'Passphrase_Delete_btn': "(//*[contains(text(),'Delete')])[2]", 'Passphrase_chckbox': "(//*[@type='checkbox'])[2]", 'Passphrase_Edit_chckbox': "//div[@class='form-check']/input[@type='checkbox']", 'Passphrase_CommentsBox': "//*[@id='exampleFormControlTextarea1']", 'Ssid24frequency': 'id=band24editduplicate', 'Ssid5frequency': 'id=band5editduplicate', 'Ssid6frequency': 'id=band6editduplicate', 'SsidSecurity': 'id=Security', 'SsidEncryption': 'id=Encryption', 'SsidKeyPassphrase': 'id=KeyPassphrase', 'Ssid_dfffrequency_warning': "xpath=//*[@class='warning-alert d-flex my-2']"}}, 'Configurations': {'Tab': 'id=configurationMenuId', 'SelfHeal': {'Tab': 'id=selfHealTabId', 'Submit': 'id=submit-btn', 'Cancel': 'id=cancel-btn', 'Toggle': "xpath=//*[@class='checkbox switcher']/label/span", 'Status': "xpath=//*[@class='mx-2']"}, 'SiteScan': {'Tab': 'id=autoSiteScanTabId', 'Submit': 'id=submit-btn', 'Cancel': 'id=cancel-btn', 'Toggle': "xpath=//*[@class='checkbox switcher']/label/span", 'Status': "xpath=//*[@class='mx-2']"}, 'DailPlan': {'Tab': 'id=dialPlanTabId', 'NewBtn': "xpath=//button[normalize-space()='New Dial Plan']", 'NameField': 'id=name', 'DescriptionField': 'id=dail-description', 'digitShortTimerField': 'id=digitShortTimer', 'digitLongTimerField': 'id=digitlongTimer', 'rules': 'id=Rules', 'Submit': 'id=submit-btn', 'Cancel': 'id=cancel-btn', 'descriptionLabel': 'Description', 'digitSTlabel': 'Digit Short Timer', 'digitLTlabel': 'Digit Long Timer', 'rulesLabel': 'Rules', 'namelabel': 'Name', 'nameerror': 'id=name-error', 'digitShortTimererror': 'id=digitShortTimer-error', 'digitlongTimererror': 'id=digitlongTimer-error', 'Ruleserror': 'id=Rules-error', 'Table': {'Name': "xpath=//th[normalize-space()='Name']", 'Description': "xpath=//th[normalize-space()='Description']", 'DigitShortTimer': "xpath=//th[normalize-space()='Digit Short Timer']", 'DigitLongTimer': "xpath=//th[normalize-space()='Digit Long Timer']", 'Rules': "xpath=//th[normalize-space()='Rules']", 'row': 'xpath=//tbody//tr', 'column': 'xpath=//tbody//tr[1]//td'}, 'AlertCancel': "xpath=//*[@class='btn warn-btn']", 'confirmbtn': 'id=deletePFBtn', 'DeleteMsg': "xpath=//*[@class='warning-msg']//span[2]"}, 'SecureOnboarding': {'Tab': 'id=secureOnboardingTabId', 'Submit': 'id=submit-btn', 'Cancel': 'id=cancel-btn', 'Toggle': "xpath=//*[@class='checkbox switcher']/label/span", 'Text': "xpath=//*[contains(@class,'text-md-left mt-2')]/p", 'Status': "xpath=//*[@class='mx-2']"}, 'ExternalFileServer': {'Tab': 'id=externalFileServerTabId', 'NewBtn': 'id=new-external-file-server-btn', 'HeaderTxt': 'External File Server', 'nameLabelTxt': 'Name', 'descriptionlabelTxt': 'Description', 'urllabelTxt': 'URL', 'usernmaelabelTxt': 'User Name', 'PasswordTxt': 'Password', 'Namefield': 'id=name', 'Descriptionfield': 'id=description', 'UrlField': 'id=baseUrl', 'Usernamefield': 'id=userName', 'Passwordfield': 'id=password', 'Submit': 'id=submit-btn', 'Cancel': 'id=cancel-btn', 'Nameerror': 'id=name-error', 'Urlerror': 'id=baseUrl-error'}, 'EDGESuitesBulk': {'Tab': 'id=edgeSuiteTabId', 'ProtectIq': "xpath=//*[@for='subscribedToProtectIq']/span", 'ExperienceIq': "xpath=//*[@for='subscribedToExperienceIq']/span", 'submit': "xpath=//*[contains(text(),'Submit')]", 'Reset': "xpath=//*[contains(text(),'Reset')]"}, 'stale_device_purge': {'Tab': 'id=staleDeviceOurgeTabId', 'Namefield': 'id=name', 'Descriptionfield': 'id=description', 'inactivity_period': 'id=InactivityPeriod', 'frequency': 'id=frequency', 'day_of_week': 'id=dayOfWeek', 'starttime': "xpath=//*[@id='startTime']//input", 'timezone': 'id=timezone', 'include_radio_locator': "xpath=//label[contains(text(),'No')]", 'Yeslabel': "xpath=//label[contains(text(),'Yes')]", 'submit_btn': 'id=submit-btn', 'pagination_previous': "xpath=//*[contains(@class,'previous')]", 'pagination_first': "xpath=//*[contains(@class,'first')]", 'pagination_next': "xpath=//*[contains(@class,'next')]", 'pagination_last': "xpath=//*[contains(@class,'last')]", 'status_button': "xpath=//*[@for='status']", 'CheckboxStatus': "xpath=//*[contains(@class,'checkbox switcher')]/label[2]", 'execution_log': 'id=excLogTable'}, 'SpeedTest': {'Tab': 'id=speedTestTabId', 'ping_target': 'id=pingTarget', 'download_url': 'id=downloadUrl', 'uploadUrl': 'id=uploadUrl', 'upload_size': 'id=uploadSize', 'submit_btn': 'id=submit-btn', 'cancel_btn': 'id=cancel-btn', 'Title_privatetest': "xpath=//*[text()='Only Use Ookla Private Server for GigaSpire Speed Tests']", 'PrivateTestToggle': "xpath=//*[@for='ooklaApply']", 'background_toggle': "xpath=//*[@for='backgroundTesting']", 'ookla_endpoint': 'id=ooklaEndpoint'}, 'SubnetConfiguration': {'Tab': 'id=subnetConfigTabId', 'AddSubnet': "xpath=//button[normalize-space()='Add Subnet']", 'DisabledfirstBtn_pagination': 'xpath=//*[@class="paginate_button first disabled"]', 'DisabledpreviousBtn_pagination': 'xpath=//*[@class="paginate_button previous disabled"]', 'Nextbtn_pagination': 'id=subnetConfigTable_next', 'LastBtn_pagination': 'id=subnetConfigTable_last', 'subnetConfigTable_info': 'id=subnetConfigTable_info', 'subnetfield': "xpath=(//input[@id='subnet'])[2]", 'Save': "xpath=(//button[@id='submit-btn'])[2]", 'Cancel': "xpath=(//button[@id='cancel-btn'])[2]", 'WarningCancel': 'id=cancel-btn', 'WarningConfirm': 'id=confirm-btn', 'Warningmsg': "xpath=//*[contains(@class,'warning-msg')]", 'Emptyerror': "xpath=//*[@class='invalid-feedback']", 'InvalidMsg': "xpath=(//*[@class='d-inline-flex'])[2]", 'WarningClose': "(//*[@id='hide-error-btn'])[2]", 'SubnetTable': 'xpath=//tbody/tr[1]/td[1]'}}, 'EdgeSuite': {'Tab': 'id=applicationTabId', 'Subscription_Toggle': 'id=materialInline3', 'ExperienceIQ': {'Tab': 'id=edge-Experience-IQ', 'WFHText': "xpath=//*[contains(@class,'experienceiq-setting-info')]/div[6]", 'Priorities': {'Tab': "xpath=(//*[@id='priorities'])[1]", 'WFHText': "xpath=//*[@class='content-toggle']/div[2]", 'EnableBtn': "//*[@for='safeSearchCheckbox']", 'Description': 'Prioritize traffic and devices on your network.', 'Always_ON': "xpath=//*[@for='alwayson']", 'SetDuration': "xpath=//*[@for='setDuration']", 'Duration': 'id=duration', 'Duration_Save': "xpath=(//button[contains(.,' Save ')])[1]", 'TrafficPriorities': {'Header': 'Traffic Priorities', 'New': "xpath=//*[text()=' New + ']", 'Default': "xpath=//*[text()=' Default ']"}, 'DevicePriorities': {'Header': 'Device Priorities', 'Adddevice': "xpath=//*[text()=' Add Device + ']"}}}, 'ProtectIQ': {'Service': {'Enable': 'id=materialInline10'}}}, 'Frontend': {'Wifi': {'Tab': 'id=wifiTabId', '24ghzhigchart': "//*[@id='air-time-chart25']//*[name()='svg']", '24ghzhigchartheader': "//*[@id='air-time-chart25']//*[name()='svg']//*[@class='highcharts-title']", '24ghzhigchartlegend': "//*[@id='air-time-chart25']//*[name()='svg']//*[@class='highcharts-legend highcharts-no-tooltip']", '24GHZ_Interference_highchartsline': "(//*[@class='highcharts-series-group']//*[@class='highcharts-point highcharts-color-2'])[1]", '24GHZ_Used_highchartsline': "(//*[@class='highcharts-series-group']//*[@class='highcharts-point highcharts-color-1'])[1]", '24GHZ_Free_highchartsline': "(//*[@class='highcharts-series-group']//*[@class='highcharts-point highcharts-color-0'])[1]", '24GHZ_Interference_UiTxt': "(//*[contains(text(),'Interference')])[1]", '24GHZ_Used_UiTxt': "(//*[contains(text(),'Used')])[1]", '24GHZ_Free_UiTxt': "(//*[contains(text(),'Free')])[1]", '5ghzhighchart': "//*[@id='air-time-chart5']//*[name()='svg']", '5GHZ_Interference_UiTxt': "(//*[contains(text(),'Interference')])[3]", '5GHZ_Used_UiTxt': "(//*[contains(text(),'Used')])[2]", '5GHZ_Free_UiTxt': "(//*[contains(text(),'Free')])[2]", '5GHZ_Interference_highchartsline': "(//*[@class='highcharts-series-group']//*[@class='highcharts-point highcharts-color-2'])[2]", '5GHZ_Used_highchartsline': "(//*[@class='highcharts-series-group']//*[@class='highcharts-point highcharts-color-1'])[2]", '5GHZ_Free_highchartsline': "(//*[@class='highcharts-series-group']//*[@class='highcharts-point highcharts-color-0'])[2]", '5ghzhigchartheader': "//*[@id='air-time-chart5']//*[name()='svg']//*[@class='highcharts-title']", '5ghzhigchartlegend': "//*[@id='air-time-chart5']//*[name()='svg']//*[@class='highcharts-legend highcharts-no-tooltip']", '6GHZ_highchart': "//*[@id='wifi-airtime-analysis-6g-container']//*[name()='svg']", '6GHZ_higchartheader': "//*[@id='wifi-airtime-analysis-6g-container']//*[name()='svg']//*[@class='highcharts-title']", '6GHZ_higchartlegend': "//*[@id='wifi-airtime-analysis-6g-container']//*[name()='svg']//*[@class='highcharts-legend highcharts-no-tooltip']", '6GHZ_Interference_highchartsline': "(//*[@class='highcharts-series-group']//*[@class='highcharts-point highcharts-color-2'])[3]", '6GHZ_Used_highchartsline': "(//*[@class='highcharts-series-group']//*[@class='highcharts-point highcharts-color-1'])[3]", '6GHZ_Free_highchartsline': "(//*[@class='highcharts-series-group']//*[@class='highcharts-point highcharts-color-0'])[3]", '6GHZ_Interference_UiTxt': "(//*[contains(text(),'Interference')])[5]", '6GHZ_Used_UiTxt': "(//*[contains(text(),'Used')])[3]", '6GHZ_Free_UiTxt': "(//*[contains(text(),'Free')])[3]", '6GHzAirtimeAnalysis_UiTxt': "//*[contains(text(),'6GHz Airtime Analysis')]", 'Secondaryclosebtn': "//*[@class='close']", '5ghztabletr': "//*[@id='wifi-rg-sitescan-table']/tbody/tr", '24ghzrowxpath': "//*[@id='wifi-rg-sitescan-table']//tbody/tr", '24ghzcolumnxpath': "//*[@id='wifi-rg-sitescan-table']//tbody/tr[1]/td", '24ghzssidfilter': 'id=wifi-rg-sitescan-ssid-filter', '24ghzchannelfilter': 'id=wifi-rg-sitescan-channel-filter', '24ghzcheckbox': 'id=ssidChecked', 'linechart': "//*[@id='wifi-rg-sitescan-container']//*[@class='dygraph-label dygraph-ylabel']", '5ghzsitescantab': 'id=wifi-rg-sitescan-5g-tab', '5ghzrowxpath': "//*[@id='wifi-rg-sitescan-table']//tbody/tr", '5ghzcolumnxpath': "//*[@id='wifi-rg-sitescan-table']//tbody/tr[1]/td", '6ghzsitescantab': 'id=wifi-rg-sitescan-6g-tab', '6ghzrowxpath': "//*[@id='wifi-rg-sitescan-table']//tbody/tr", '6ghzcolumnxpath': "//*[@id='wifi-rg-sitescan-table']//tbody/tr[1]/td", 'Airtimeanalysistab': 'id=wifi-rg-reports-airtime-tab', 'Perioddropdown': 'id=wifi-rg-reports-period-filter', 'Intervaldropdown': 'id=wifi-rg-reports-interval-filter', 'Loadbtn': 'id=wifi-rg-reports-filter-btn', 'Airtimechartlegend1': "(//*[@id='wifi-rg-reports-airtime-chart-wrapper']//*[name()='svg']//*[@class='highcharts-legend-box'])", 'Airtimechart5ghzbtn': 'id=wifi-historical-airtime-5g-tab', 'Airtimechart2ghzbtn': 'id=wifi-historical-airtime-24g-tab', 'Airtimechart6ghzbtn': 'id=wifi-historical-airtime-6g-tab', 'Airtimechartfree': "xpath=//*[@class='highcharts-legend-item highcharts-area-series highcharts-color-0 highcharts-series-0']//*[contains(text(),'Free')]", 'Airtimechartused': "xpath=//*[@class='highcharts-legend-item highcharts-area-series highcharts-color-1 highcharts-series-1']//*[contains(text(),'Used')]", 'Airtimechartinterference': "xpath=//*[@class='highcharts-legend-item highcharts-area-series highcharts-color-2 highcharts-series-2']//*[contains(text(),'Interference')]", 'Airtimehidefree': "xpath=//*[@class='highcharts-legend-item highcharts-area-series highcharts-color-0 highcharts-series-0 highcharts-legend-item-hidden']//*[contains(text(),'Free')]", 'Airtimehideused': "xpath=//*[@class='highcharts-legend-item highcharts-area-series highcharts-color-1 highcharts-series-1 highcharts-legend-item-hidden']//*[contains(text(),'Used')]", 'Airtimehideinterference': "xpath=//*[@class='highcharts-legend-item highcharts-area-series highcharts-color-2 highcharts-series-2 highcharts-legend-item-hidden']//*[contains(text(),'Interference')]", 'Startdate': 'id=start_date', 'Enddate': 'id=end_date', 'Downstream24ghzbtn': 'id=wifi-downstream-24g-tab', 'Downstream5ghzbtn': 'id=wifi-downstream-5g-tab', 'Downstream6ghzbtn': 'id=wifi-downstream-6g-tab', 'Downstreamtablink': 'id=wifi-rg-reports-downstream-tab', 'Downstreamlegend1': "(//*[@id='wifi-rg-reports-downstream-chart-wrapper']//*[name()='svg']//*[@class='highcharts-legend highcharts-no-tooltip'])", 'Downretransmitted': "xpath=//*[@class='highcharts-legend-item highcharts-line-series highcharts-color-undefined highcharts-series-0']//*[contains(text(),'Packets Retransmitted - Down (%)')]", 'Downdropped': "xpath=//*[@class='highcharts-legend-item highcharts-line-series highcharts-color-undefined highcharts-series-1']//*[contains(text(),'Packets Dropped - Down (%)')]", 'Downtransmitted': "xpath=//*[@class='highcharts-legend-item highcharts-line-series highcharts-color-undefined highcharts-series-2']//*[contains(text(),'Packets Transmitted - Down')]", 'Downhideretransmitted': "xpath=//*[@class='highcharts-legend-item highcharts-line-series highcharts-color-undefined highcharts-series-0 highcharts-legend-item-hidden']//*[contains(text(),'Packets Retransmitted - Down (%)')]", 'Downhidedropped': "xpath=//*[@class='highcharts-legend-item highcharts-line-series highcharts-color-undefined highcharts-series-1 highcharts-legend-item-hidden']//*[contains(text(),'Packets Dropped - Down (%)')]", 'Downhidetransmitted': "xpath=//*[@class='highcharts-legend-item highcharts-line-series highcharts-color-undefined highcharts-series-2 highcharts-legend-item-hidden']//*[contains(text(),'Packets Transmitted - Down')]", 'Changelogbtn': 'id=wifi-changelog-modal-open-btn', 'Changerefreshbtn': 'id=wifi-refresh-page-btn', 'Changelog24ghz': "//*[@for='changelog24g']", 'Changelog5ghz': "//*[@for='changelog5g']", 'Changelog24table': 'id=wifi-rg-changelog-table', 'Changelogclosebtn': "//*[@class='modal-header']//*[@class='close']/span", '24Radiostatusediticon': 'id=wifi-rg-radio-24g-modal-btn', '5Radiostatusediticon': 'id=wifi-rg-radio-5g-modal-btn', 'Ssidtab': 'id=wifi-ssid-mgr-tab', 'Ssidtabtable': 'id=wifi-ssid-table', 'Ssidtabletr': "xpath=//*[@id='wifi-ssid-table']/tbody/tr", 'Ssidfilter': 'id=network_description_filter', 'Ssidfirsttr': "xpath=//*[@id='wifi-ssid-table']/tbody/tr[1]", 'Ssidfirsttredit': "//*[@id='wifi-ssid-table']/tbody/tr[1]//*[@id='edit-ssid-btn']", 'Ssidcancelbtn': 'id=cancel-btn', 'Ssidfrequency': 'id=band24editduplicate', 'Ssid5frequency': 'id=band5editduplicate', 'Ssid6frequency': 'id=band6editduplicate', 'Ssidname': 'name', 'Ssidsecurity': 'id=Security', 'Ssidservice': "//*[@for='serviceCheckbox']", 'Ssidbroadcast': 'id=SSIDAdvertisementEnabled', 'Ssidpassphrase': 'KeyPassphrase', 'Ssidshowpassphrase': 'name=KeyPassphrase', 'Ssidshowpassphraseeyecon': "//*[@src='../../../../assets/img/ic_hide.svg']", 'Ssidsubmitbtn': 'id=submit-btn', 'Ssidservicevisiblelocator': 'dom:$("#serviceCheckbox").siblings()', 'Ssidbroadcastvisiblelocator': "//*[@id='SSIDAdvertisementEnabled']/following-sibling::span", 'Ssidrefreshbtn': 'id=ssidRefresh', 'Ssidencryption': 'id=Encryption', 'Ssidtablepassphrase': "(//*[@id='wifi-ssid-table']//tbody//tr//following-sibling::td)[5]", 'Passphrase_icon': "//*[contains(text(),'{ssidname}')]/parent::td/following-sibling::td[7]/div/div/i", 'Edit_Passphrase_icon': "//*[contains(text(),'View Passphrase')]", 'Passphrasepopup_txt1': "
[...]
<arg>seleniumlibrary</arg>
</arguments>
<status status="PASS" starttime="20220914 18:20:12.020" endtime="20220914 18:20:12.021"></status>
</kw>
<kw name="Wait Until Element Is Enabled" library="SeleniumLibrary">
<doc>Waits until the element ``locator`` is enabled.</doc>
<arguments>
<arg>${locator}</arg>
<arg>timeout=${timeout}</arg>
</arguments>
<status status="PASS" starttime="20220914 18:20:12.021" endtime="20220914 18:20:12.042"></status>
</kw>
<kw name="Click Element" library="SeleniumLibrary">
<doc>Click the element identified by ``locator``.</doc>
<arguments>
<arg>${locator}</arg>
</arguments>
<msg timestamp="20220914 18:20:12.043" level="INFO">Clicking element '(//*[@role='option'])[6]'.</msg>
<status status="PASS" starttime="20220914 18:20:12.042" endtime="20220914 18:20:12.072"></status>
</kw>
<status status="PASS" starttime="20220914 18:20:12.019" endtime="20220914 18:20:12.072"></status>
</kw>
<kw name="Click Element Until Enabled" library="CommonWrapper">
<doc>Wait until element is enabled and then click element</doc>
<arguments>
<arg>${TimeFrameDays_DropDown}</arg>
</arguments>
<kw name="Set Library Search Order" library="BuiltIn">
<doc>Sets the resolution order to use when a name matches multiple keywords.</doc>
<arguments>
<arg>seleniumlibrary</arg>
</arguments>
<status status="PASS" starttime="20220914 18:20:12.074" endtime="20220914 18:20:12.074"></status>
</kw>
<kw name="Wait Until Element Is Enabled" library="SeleniumLibrary">
<doc>Waits until the element ``locator`` is enabled.</doc>
<arguments>
<arg>${locator}</arg>
<arg>timeout=${timeout}</arg>
</arguments>
<status status="PASS" starttime="20220914 18:20:12.075" endtime="20220914 18:20:12.088"></status>
</kw>
<kw name="Click Element" library="SeleniumLibrary">
<doc>Click the element identified by ``locator``.</doc>
<arguments>
<arg>${locator}</arg>
</arguments>
<msg timestamp="20220914 18:20:12.089" level="INFO">Clicking element '(//*[@bindvalue='id'])[2]'.</msg>
<status status="PASS" starttime="20220914 18:20:12.089" endtime="20220914 18:20:12.122"></status>
</kw>
<status status="PASS" starttime="20220914 18:20:12.073" endtime="20220914 18:20:12.122"></status>
</kw>
<kw name="Click Element Until Enabled" library="CommonWrapper">
<doc>Wait until element is enabled and then click element</doc>
<arguments>
<arg>${dataSelectionSeventh}</arg>
</arguments>
<kw name="Set Library Search Order" library="BuiltIn">
<doc>Sets the resolution order to use when a name matches multiple keywords.</doc>
<arguments>
<arg>seleniumlibrary</arg>
</arguments>
<status status="PASS" starttime="20220914 18:20:12.123" endtime="20220914 18:20:12.124"></status>
</kw>
<kw name="Wait Until Element Is Enabled" library="SeleniumLibrary">
<doc>Waits until the element ``locator`` is enabled.</doc>
<arguments>
<arg>${locator}</arg>
<arg>timeout=${timeout}</arg>
</arguments>
<status status="PASS" starttime="20220914 18:20:12.124" endtime="20220914 18:20:12.141"></status>
</kw>
<kw name="Click Element" library="SeleniumLibrary">
<doc>Click the element identified by ``locator``.</doc>
<arguments>
<arg>${locator}</arg>
</arguments>
<msg timestamp="20220914 18:20:12.142" level="INFO">Clicking element '(//*[@role='option'])[7]'.</msg>
<status status="PASS" starttime="20220914 18:20:12.142" endtime="20220914 18:20:12.171"></status>
</kw>
<status status="PASS" starttime="20220914 18:20:12.123" endtime="20220914 18:20:12.171"></status>
</kw>
<status status="PASS" starttime="20220914 18:19:44.136" endtime="20220914 18:20:12.172"></status>
</kw>
<kw name="Validate Client Efficiency graph to navigate devices screen">
<kw name="click on the Whole Home Efficiency line graph" library="OverviewQOE_PO">
<kw name="Wait Until Page Does Not Contain Element" library="SeleniumLibrary">
<doc>Waits until the element ``locator`` disappears from the current page.</doc>
<arguments>
<arg>xpath=//div[@class='spinner-border text-primary']</arg>
<arg>2m</arg>
</arguments>
<status status="PASS" starttime="20220914 18:20:12.175" endtime="20220914 18:20:33.069"></status>
</kw>
<kw name="Sleep" library="BuiltIn">
<doc>Pauses the test executed for the given time.</doc>
<arguments>
<arg>5</arg>
</arguments>
<msg timestamp="20220914 18:20:38.070" level="INFO">Slept 5 seconds</msg>
<status status="PASS" starttime="20220914 18:20:33.069" endtime="20220914 18:20:38.070"></status>
</kw>
<kw name="Scroll Element Into View" library="SeleniumLibrary">
<doc>Scrolls the element identified by ``locator`` into view.</doc>
<arguments>
<arg>${QOE_WholeHomeEfficiency_y_axis_Text}</arg>
</arguments>
<status status="PASS" starttime="20220914 18:20:38.071" endtime="20220914 18:20:38.354"></status>
</kw>
<kw name="Capture the Screen" library="CommonWrapper">
<arguments>
<arg>WholeHomeEfficiency</arg>
</arguments>
<kw name="Set Library Search Order" library="BuiltIn">
<doc>Sets the resolution order to use when a name matches multiple keywords.</doc>
<arguments>
<arg>seleniumlibrary</arg>
</arguments>
<status status="PASS" starttime="20220914 18:20:38.355" endtime="20220914 18:20:38.355"></status>
</kw>
<kw name="Sleep" library="BuiltIn">
<doc>Pauses the test executed for the given time.</doc>
<arguments>
<arg>5</arg>
</arguments>
<msg timestamp="20220914 18:20:43.357" level="INFO">Slept 5 seconds</msg>
<status status="PASS" starttime="20220914 18:20:38.356" endtime="20220914 18:20:43.357"></status>
</kw>
<kw name="Capture Page Screenshot" library="SeleniumLibrary">
<doc>Takes a screenshot of the current page and embeds it into a log file.</doc>
<arguments>
<arg>${ScreenName}.png</arg>
</arguments>
<msg timestamp="20220914 18:20:43.702" level="INFO" html="yes">&lt;/td&gt;&lt;/tr&gt;&lt;tr&gt;&lt;td colspan="3"&gt;&lt;a href="WholeHomeEfficiency.png"&gt;&lt;img src="WholeHomeEfficiency.png" width="800px"&gt;&lt;/a&gt;</msg>
<status status="PASS" starttime="20220914 18:20:43.357" endtime="20220914 18:20:43.702"></status>
</kw>
<status status="PASS" starttime="20220914 18:20:38.354" endtime="20220914 18:20:43.702"></status>
</kw>
<kw name="Sleep" library="BuiltIn">
<doc>Pauses the test executed for the given time.</doc>
<arguments>
<arg>5</arg>
</arguments>
<msg timestamp="20220914 18:20:48.704" level="INFO">Slept 5 seconds</msg>
<status status="PASS" starttime="20220914 18:20:43.703" endtime="20220914 18:20:48.704"></status>
</kw>
<kw name="Mouse Over" library="SeleniumLibrary">
<doc>Simulates hovering the mouse over the element ``locator``.</doc>
<arguments>
<arg>xpath=(//*[@class='highcharts-plot-background'])[4]</arg>
</arguments>
<msg timestamp="20220914 18:20:48.706" level="INFO">Simulating Mouse Over on element 'xpath=(//*[@class='highcharts-plot-background'])[4]'.</msg>
<status status="PASS" starttime="20220914 18:20:48.706" endtime="20220914 18:20:49.005"></status>
</kw>
<kw name="Sleep" library="BuiltIn">
<doc>Pauses the test executed for the given time.</doc>
<arguments>
<arg>2</arg>
</arguments>
<msg timestamp="20220914 18:20:51.006" level="INFO">Slept 2 seconds</msg>
<status status="PASS" starttime="20220914 18:20:49.005" endtime="20220914 18:20:51.006"></status>
</kw>
<kw name="Mouse Over" library="SeleniumLibrary">
<doc>Simulates hovering the mouse over the element ``locator``.</doc>
<arguments>
<arg>xpath=//*[@id='wholeHomeEfficiencyChart']//*[@class='highcharts-series highcharts-series-0 highcharts-line-series']//*[name()='path'][1]</arg>
</arguments>
<msg timestamp="20220914 18:20:51.008" level="INFO">Simulating Mouse Over on element 'xpath=//*[@id='wholeHomeEfficiencyChart']//*[@class='highcharts-series highcharts-series-0 highcharts-line-series']//*[name()='path'][1]'.</msg>
<status status="PASS" starttime="20220914 18:20:51.007" endtime="20220914 18:20:51.292"></status>
</kw>
<kw name="Sleep" library="BuiltIn">
<doc>Pauses the test executed for the given time.</doc>
<arguments>
<arg>2</arg>
</arguments>
<msg timestamp="20220914 18:20:53.294" level="INFO">Slept 2 seconds</msg>
<status status="PASS" starttime="20220914 18:20:51.292" endtime="20220914 18:20:53.294"></status>
</kw>
<kw name="Click Element Until Enabled" library="CommonWrapper">
<doc>Wait until element is enabled and then click element</doc>
<arguments>
<arg>xpath=//*[@id='wholeHomeEfficiencyChart']//*[@class='highcharts-point']</arg>
</arguments>
<kw name="Set Library Search Order" library="BuiltIn">
<doc>Sets the resolution order to use when a name matches multiple keywords.</doc>
<arguments>
<arg>seleniumlibrary</arg>
</arguments>
<status status="PASS" starttime="20220914 18:20:53.297" endtime="20220914 18:20:53.297"></status>
</kw>
<kw name="Wait Until Element Is Enabled" library="SeleniumLibrary">
<doc>Waits until the element ``locator`` is enabled.</doc>
<arguments>
<arg>${locator}</arg>
<arg>timeout=${timeout}</arg>
</arguments>
<status status="PASS" starttime="20220914 18:20:53.298" endtime="20220914 18:20:53.319"></status>
</kw>
<kw name="Click Element" library="SeleniumLibrary">
<doc>Click the element identified by ``locator``.</doc>
<arguments>
<arg>${locator}</arg>
</arguments>
<msg timestamp="20220914 18:20:53.320" level="INFO">Clicking element 'xpath=//*[@id='wholeHomeEfficiencyChart']//*[@class='highcharts-point']'.</msg>
<status status="PASS" starttime="20220914 18:20:53.320" endtime="20220914 18:20:53.389"></status>
</kw>
<status status="PASS" starttime="20220914 18:20:53.295" endtime="20220914 18:20:53.390"></status>
</kw>
<status status="PASS" starttime="20220914 18:20:12.174" endtime="20220914 18:20:53.390"></status>
</kw>
<status status="PASS" starttime="20220914 18:20:12.173" endtime="20220914 18:20:53.390"></status>
</kw>
<kw name="Validate the Efficiency tab in Devices screen">
<kw name="click on the Client Efficiency graph" library="OverviewQOE_PO">
<kw name="Wait Until Page Does Not Contain Element" library="SeleniumLibrary">
<doc>Waits until the element ``locator`` disappears from the current page.</doc>
<arguments>
<arg>xpath=//div[@class='spinner-border text-primary']</arg>
<arg>2m</arg>
</arguments>
<status status="PASS" starttime="20220914 18:20:53.393" endtime="20220914 18:21:14.100"></status>
</kw>
<kw name="Capture the Screen" library="CommonWrapper">
<arguments>
<arg>Client_Efficiency_graph</arg>
</arguments>
<kw name="Set Library Search Order" library="BuiltIn">
<doc>Sets the resolution order to use when a name matches multiple keywords.</doc>
<arguments>
<arg>seleniumlibrary</arg>
</arguments>
<status status="PASS" starttime="20220914 18:21:14.101" endtime="20220914 18:21:14.101"></status>
</kw>
<kw name="Sleep" library="BuiltIn">
<doc>Pauses the test executed for the given time.</doc>
<arguments>
<arg>5</arg>
</arguments>
<msg timestamp="20220914 18:21:19.104" level="INFO">Slept 5 seconds</msg>
<status status="PASS" starttime="20220914 18:21:14.102" endtime="20220914 18:21:19.104"></status>
</kw>
<kw name="Capture Page Screenshot" library="SeleniumLibrary">
<doc>Takes a screenshot of the current page and embeds it into a log file.</doc>
<arguments>
<arg>${ScreenName}.png</arg>
</arguments>
<msg timestamp="20220914 18:21:19.471" level="INFO" html="yes">&lt;/td&gt;&lt;/tr&gt;&lt;tr&gt;&lt;td colspan="3"&gt;&lt;a href="Client_Efficiency_graph.png"&gt;&lt;img src="Client_Efficiency_graph.png" width="800px"&gt;&lt;/a&gt;</msg>
<status status="PASS" starttime="20220914 18:21:19.104" endtime="20220914 18:21:19.472"></status>
</kw>
<status status="PASS" starttime="20220914 18:21:14.100" endtime="20220914 18:21:19.472"></status>
</kw>
<kw name="Sleep" library="BuiltIn">
<doc>Pauses the test executed for the given time.</doc>
<arguments>
<arg>5</arg>
</arguments>
<msg timestamp="20220914 18:21:24.473" level="INFO">Slept 5 seconds</msg>
<status status="PASS" starttime="20220914 18:21:19.472" endtime="20220914 18:21:24.473"></status>
</kw>
<kw name="Click Element Until Enabled" library="CommonWrapper">
<doc>Wait until element is enabled and then click element</doc>
<arguments>
<arg>${QOE_WanService_EfficiencyChart_RectChart_tooltip}</arg>
</arguments>
<kw name="Set Library Search Order" library="BuiltIn">
<doc>Sets the resolution order to use when a name matches multiple keywords.</doc>
<arguments>
<arg>seleniumlibrary</arg>
</arguments>
<status status="PASS" starttime="20220914 18:21:24.475" endtime="20220914 18:21:24.475"></status>
</kw>
<kw name="Wait Until Element Is Enabled" library="SeleniumLibrary">
<doc>Waits until the element ``locator`` is enabled.</doc>
<arguments>
<arg>${locator}</arg>
<arg>timeout=${timeout}</arg>
</arguments>
<status status="PASS" starttime="20220914 18:21:24.475" endtime="20220914 18:21:24.498"></status>
</kw>
<kw name="Click Element" library="SeleniumLibrary">
<doc>Click the element identified by ``locator``.</doc>
<arguments>
<arg>${locator}</arg>
</arguments>
<msg timestamp="20220914 18:21:24.499" level="INFO">Clicking element '//*[@id='clientEfficiencyChartDiv']//*[@class='highcharts-series highcharts-series-0 highcharts-column-series highcharts-color-0 highcharts-tracker']//*[name()='rect'][1]'.</msg>
<status status="PASS" starttime="20220914 18:21:24.499" endtime="20220914 18:21:24.582"></status>
</kw>
<status status="PASS" starttime="20220914 18:21:24.474" endtime="20220914 18:21:24.582"></status>
</kw>
<status status="PASS" starttime="20220914 18:20:53.392" endtime="20220914 18:21:24.583"></status>
</kw>
<kw name="verify the Client Efficiency screen elements" library="OverviewQOE_PO">
<kw name="Wait Until Page Does Not Contain Element" library="SeleniumLibrary">
<doc>Waits until the element ``locator`` disappears from the current page.</doc>
<arguments>
<arg>xpath=//div[@class='spinner-border text-primary']</arg>
<arg>2m</arg>
</arguments>
<status status="PASS" starttime="20220914 18:21:24.584" endtime="20220914 18:21:47.176"></status>
</kw>
<kw name="Capture the Screen" library="CommonWrapper">
<arguments>
<arg>Client_Efficiency_screen</arg>
</arguments>
<kw name="Set Library Search Order" library="BuiltIn">
<doc>Sets the resolution order to use when a name matches multiple keywords.</doc>
<arguments>
<arg>seleniumlibrary</arg>
</arguments>
<status status="PASS" starttime="20220914 18:21:47.177" endtime="20220914 18:21:47.177"></status>
</kw>
<kw name="Sleep" library="BuiltIn">
<doc>Pauses the test executed for the given time.</doc>
<arguments>
<arg>5</arg>
</arguments>
<msg timestamp="20220914 18:21:52.180" level="INFO">Slept 5 seconds</msg>
<status status="PASS" starttime="20220914 18:21:47.178" endtime="20220914 18:21:52.181"></status>
</kw>
<kw name="Capture Page Screenshot" library="SeleniumLibrary">
<doc>Takes a screenshot of the current page and embeds it into a log file.</doc>
<arguments>
<arg>${ScreenName}.png</arg>
</arguments>
<msg timestamp="20220914 18:21:52.543" level="INFO" html="yes">&lt;/td&gt;&lt;/tr&gt;&lt;tr&gt;&lt;td colspan="3"&gt;&lt;a href="Client_Efficiency_screen.png"&gt;&lt;img src="Client_Efficiency_screen.png" width="800px"&gt;&lt;/a&gt;</msg>
<status status="PASS" starttime="20220914 18:21:52.181" endtime="20220914 18:21:52.543"></status>
</kw>
<status status="PASS" starttime="20220914 18:21:47.176" endtime="20220914 18:21:52.543"></status>
</kw>
<kw name="Sleep" library="BuiltIn">
<doc>Pauses the test executed for the given time.</doc>
<arguments>
<arg>2</arg>
</arguments>
<msg timestamp="20220914 18:21:54.544" level="INFO">Slept 2 seconds</msg>
<status status="PASS" starttime="20220914 18:21:52.543" endtime="20220914 18:21:54.544"></status>
</kw>
<kw name="Create List" library="BuiltIn">
<doc>Returns a list containing given items.</doc>
<arguments>
<arg>${QOE_ClientEfficiency_headerText}</arg>
<arg>${QOE_ClientEfficiency_y_axis_Text}</arg>
<arg>${QOE_ClientEfficiency_Legend_enableMode}</arg>
<arg>${QOE_ClientEfficiency_Legend_Text}</arg>
</arguments>
<assign>
<var>@{elements}</var>
</assign>
<msg timestamp="20220914 18:21:54.545" level="INFO">@{elements} = [ //div[contains(text(),'Client Efficiency')] | //*[contains(text(),'Client Efficiency (%)')] | //*[@class='row d-flex justify-content-center']//*[@class='cursor-pointer mr-2'] | //*[@class='row d-fle...</msg>
<status status="PASS" starttime="20220914 18:21:54.545" endtime="20220914 18:21:54.545"></status>
</kw>
<kw name="Page Should Contain Multiple Element" library="CommonWrapper">
<doc>Page should contain multiple element at the same time</doc>
<arguments>
<arg>@{elements}</arg>
</arguments>
<kw name="${element} IN [ @{multi_element} ]" type="for">
<kw name="${element} = //div[contains(text(),'Client Efficiency')]" type="foritem">
<kw name="Page Should Contain Element" library="SeleniumLibrary">
<doc>Verifies that element ``locator`` is found on the current page.</doc>
<arguments>
<arg>${element}</arg>
</arguments>
<kw name="Capture Page Screenshot" library="SeleniumLibrary">
<doc>Takes a screenshot of the current page and embeds it into a log file.</doc>
<msg timestamp="20220914 18:22:15.003" level="INFO" html="yes">&lt;/td&gt;&lt;/tr&gt;&lt;tr&gt;&lt;td colspan="3"&gt;&lt;a href="selenium-screenshot-1.png"&gt;&lt;img src="selenium-screenshot-1.png" width="800px"&gt;&lt;/a&gt;</msg>
<status status="PASS" starttime="20220914 18:22:14.612" endtime="20220914 18:22:15.004"></status>
</kw>
<msg timestamp="20220914 18:22:15.014" level="FAIL">Page should have contained element '//div[contains(text(),'Client Efficiency')]' but did not.</msg>
<status status="FAIL" starttime="20220914 18:21:54.547" endtime="20220914 18:22:15.014"></status>
</kw>
<status status="FAIL" starttime="20220914 18:21:54.547" endtime="20220914 18:22:15.014"></status>
</kw>
<status status="FAIL" starttime="20220914 18:21:54.546" endtime="20220914 18:22:15.015"></status>
</kw>
<status status="FAIL" starttime="20220914 18:21:54.546" endtime="20220914 18:22:15.015"></status>
</kw>
<status status="FAIL" starttime="20220914 18:21:24.583" endtime="20220914 18:22:15.015"></status>
</kw>
<status status="FAIL" starttime="20220914 18:20:53.390" endtime="20220914 18:22:15.016"></status>
</kw>
<tags>
<tag>QOE</tag>
<tag>Regression</tag>
<tag>Sanity</tag>
</tags>
<status status="FAIL" starttime="20220914 17:55:51.385" endtime="20220914 18:22:15.018" critical="yes">Page should have contained element '//div[contains(text(),'Client Efficiency')]' but did not.</status>
</test>
<kw name="Close the browsers" library="landingpage" type="teardown">
<kw name="Close All Browsers" library="SeleniumLibrary">
<doc>Closes all open browsers and resets the browser cache.</doc>
<status status="PASS" starttime="20220914 18:22:15.024" endtime="20220914 18:22:15.163"></status>
</kw>
<status status="PASS" starttime="20220914 18:22:15.023" endtime="20220914 18:22:15.165"></status>
</kw>
<doc>Verify the Overview QOE</doc>
<status status="FAIL" starttime="20220914 17:54:38.555" endtime="20220914 18:22:15.165"></status>
</suite>
<status status="FAIL" starttime="20220914 17:54:38.553" endtime="20220914 18:22:15.169"></status>
</suite>
<status status="FAIL" starttime="20220914 17:54:38.548" endtime="20220914 18:22:15.173"></status>
</suite>
<status status="FAIL" starttime="20220914 17:54:38.547" endtime="20220914 18:22:15.176"></status>
</suite>
<status status="FAIL" starttime="20220914 17:54:38.519" endtime="20220914 18:22:15.180"></status>
</suite>
<statistics>
<total>
<stat pass="0" fail="1">Critical Tests</stat>
<stat pass="0" fail="1">All Tests</stat>
</total>
<tag>
<stat pass="0" fail="1">QOE</stat>
<stat pass="0" fail="1">Regression</stat>
<stat pass="0" fail="1">Sanity</stat>
</tag>
<suite>
<stat pass="0" fail="1" id="s1" name="CSC-Robotframework-22.4">CSC-Robotframework-22.4</stat>
<stat pass="0" fail="1" id="s1-s1" name="TestScripts">CSC-Robotframework-22.4.TestScripts</stat>
<stat pass="0" fail="1" id="s1-s1-s1" name="FrontEnd">CSC-Robotframework-22.4.TestScripts.FrontEnd</stat>
<stat pass="0" fail="1" id="s1-s1-s1-s1" name="Overview">CSC-Robotframework-22.4.TestScripts.FrontEnd.Overview</stat>
<stat pass="0" fail="1" id="s1-s1-s1-s1-s1" name="QOE">CSC-Robotframework-22.4.TestScripts.FrontEnd.Overview.QOE</stat>
</suite>
</statistics>
<errors>
</errors>
</robot>
